------------------------------------------------------------
/usr/bin/pip run on Fri Apr 22 17:45:34 2016
Downloading/unpacking fabric
  Getting page https://pypi.python.org/simple/fabric/
  URLs to search for versions for fabric:
  * https://pypi.python.org/simple/fabric/
  Analyzing links from page https://pypi.python.org/simple/fabric/
    Found link https://pypi.python.org/packages/06/56/4160b95ff25c7d24f16768469fd6020cdb0f1f26e5c7c90fb163e507e083/Fabric-1.8.1.tar.gz#md5=f1dcf735cdcb6ef079b5d616d03b185e (from https://pypi.python.org/simple/fabric/), version: 1.8.1
    Found link https://pypi.python.org/packages/15/d1/c27ada82f675275a74e476396b5a64740ef1ae712662827979a712809a5e/Fabric-1.4.3.tar.gz#md5=80925ab37f7bab81ab50f0cc90d39a91 (from https://pypi.python.org/simple/fabric/), version: 1.4.3
    Found link https://pypi.python.org/packages/19/41/74a55876db66f70234f24b260eb2b7b091e6493eba1819117c6803d8da9d/Fabric-1.11.1-py2-none-any.whl#md5=1b2635c908405c0d33b3eebe7ff88afc (from https://pypi.python.org/simple/fabric/), version: 1.11.1
    Found link https://pypi.python.org/packages/20/87/a8ce5e13bf3d8349de9cc1ab689093c0751151921d5779b9b244b13ed64f/Fabric-1.10.3-py2-none-any.whl#md5=d1bd21780e8fdce2b47bd4aaac4f38a8 (from https://pypi.python.org/simple/fabric/), version: 1.10.3
    Found link https://pypi.python.org/packages/30/14/7605d928ac5e73eae62d7f11cd4c64eb90ae97b59bc5087e024d78b4cb3b/Fabric-1.7.1.tar.gz#md5=db9c961c451bf83153208a8cf2810e67 (from https://pypi.python.org/simple/fabric/), version: 1.7.1
    Found link https://pypi.python.org/packages/3d/15/8f43ecdebd384aea35692b618fd4a1aa4cc2bfdf5a0d0803ab2c3bec8177/Fabric-1.0.3.tar.gz#md5=db97e56be9fd719d664ff82d1835d8e9 (from https://pypi.python.org/simple/fabric/), version: 1.0.3
    Found link https://pypi.python.org/packages/43/1f/58f909ff7cc091ce7eeb10fee760f950c861f3d6d5c893c642b99a4790ea/Fabric-1.0.2.tar.gz#md5=b87b1b35db3b496f0cd9e2df014c108d (from https://pypi.python.org/simple/fabric/), version: 1.0.2
    Found link https://pypi.python.org/packages/4a/50/dda1e59fb654c98fae945f05d858b7b4e25c9761c231501afe4495cc0d41/Fabric-1.2.2.tar.gz#md5=f234678d3886a0b224945281395fdbda (from https://pypi.python.org/simple/fabric/), version: 1.2.2
    Found link https://pypi.python.org/packages/58/26/23ee50286cd0e9a9485361a99b506d85e89a6e7603f8e14b98d72ea68d07/Fabric-0.9.4.tar.gz#md5=05acba95e3a28b77d5b913c3acef5909 (from https://pypi.python.org/simple/fabric/), version: 0.9.4
    Found link https://pypi.python.org/packages/5d/1d/ed94060bfb5077c3ac016b8a96d27212c1c1a7d7440d45adb5e3763d3324/Fabric-0.9.5.tar.gz#md5=6118ebb1cb97a0548fe01bdd57a9a26a (from https://pypi.python.org/simple/fabric/), version: 0.9.5
    Found link https://pypi.python.org/packages/60/71/2d5bfb6151c518230dfc973524d8f3bf37610a0d313e1a008b209972a80d/Fabric-1.5.3.tar.gz#md5=8831c0a6cba9134a31b7c9405b145b21 (from https://pypi.python.org/simple/fabric/), version: 1.5.3
    Found link https://pypi.python.org/packages/80/0f/662c03fd98feb4dff7a7ddd226ec152ee01c3ba0d2b396c812169e8c7fc0/Fabric-1.10.2.tar.gz#md5=3e119c129bc1b2a516c3b3a64c8af6e4 (from https://pypi.python.org/simple/fabric/), version: 1.10.2
    Found link https://pypi.python.org/packages/88/65/50a1f3f6ccb9742344848a147cc5bec24b090972b79776da9a716bc1916b/Fabric-0.0.6.tar.gz#md5=1eeb0b540a4a0bf25175354cf767a8b0 (from https://pypi.python.org/simple/fabric/), version: 0.0.6
    Found link https://pypi.python.org/packages/8d/0d/2d03725f7738808ffabd325598a0bea44b08c3b06269c09497233f92243f/Fabric-1.1.0.tar.gz#md5=1161b35da0365b8cbd1cd483d6ae564d (from https://pypi.python.org/simple/fabric/), version: 1.1.0
    Found link https://pypi.python.org/packages/8e/0c/d3ff5f97cdeb5da7506b14c17e624d12b57daf23d42798b0c5d8492432a9/Fabric-1.0.4.tar.gz#md5=f8ad7b606843c54744679fb53e6701a0 (from https://pypi.python.org/simple/fabric/), version: 1.0.4
    Found link https://pypi.python.org/packages/90/0a/0827071cf693781736b6fec061114616325161798e1f960ac56ce824ecb3/Fabric-1.3.3.tar.gz#md5=e807acc42dbed0737bd315b4826ba326 (from https://pypi.python.org/simple/fabric/), version: 1.3.3
    Found link https://pypi.python.org/packages/9a/4c/d843e73125529eb07d46fd275c4ddafe5d085dd65daceb347ce8dcc1a54f/Fabric-1.9.0.tar.gz#md5=093c62d8fb0c8c9d41f251408a06f939 (from https://pypi.python.org/simple/fabric/), version: 1.9.0
    Found link https://pypi.python.org/packages/9b/26/aa1f4e9a72e7f49d7c096bba2297ee7c2ade85c0a054aa407d7a572a554d/Fabric-0.0.3.macosx-10.4-i386.tar.gz#md5=c887a7dd5ee59fbb1c5ccded6e5b596d (from https://pypi.python.org/simple/fabric/), version: 0.0.3.macosx-10.4-i386
    Found link https://pypi.python.org/packages/a3/13/24adef9b9c23cda114778350a53bd6634cf079a82d04492e49e84b47e02d/Fabric-0.0.8.tar.gz#md5=4f09ecad0eb4984f7dc6bbf187195185 (from https://pypi.python.org/simple/fabric/), version: 0.0.8
    Found link https://pypi.python.org/packages/ab/82/4cd6cbb2001431aece679c5c496bb49d2094f10e9cc98b9f94fa7261a935/Fabric-1.8.2.tar.gz#md5=8666ee90d093cdb393f1b168cc0f5672 (from https://pypi.python.org/simple/fabric/), version: 1.8.2
    Found link https://pypi.python.org/packages/ab/9f/292794ad8cfde4a88f6487591550493e13b17cfa232de5f5f0663e9f372e/Fabric-1.9.2.tar.gz#md5=4ac3d68c77ee2d61f90793f2b4094422 (from https://pypi.python.org/simple/fabric/), version: 1.9.2
    Found link https://pypi.python.org/packages/any/F/Fabric/Fabric-0.0.1.macosx-10.4-i386.tar.gz#md5=ca0b71422e2ce4d71947d13751d17672 (from https://pypi.python.org/simple/fabric/), version: 0.0.1.macosx-10.4-i386
    Found link https://pypi.python.org/packages/any/F/Fabric/Fabric-0.0.2.macosx-10.4-i386.tar.gz#md5=d09773af77ce36bc1b55d0cdcf8598c0 (from https://pypi.python.org/simple/fabric/), version: 0.0.2.macosx-10.4-i386
    Found link https://pypi.python.org/packages/any/F/Fabric/Fabric-0.0.4.macosx-10.4-i386.tar.gz#md5=ae8c5097955cbe453aacd0f5eb6f23fc (from https://pypi.python.org/simple/fabric/), version: 0.0.4.macosx-10.4-i386
    Found link https://pypi.python.org/packages/any/F/Fabric/Fabric-0.0.5.macosx-10.4-i386.tar.gz#md5=68b06f103835493d47107600f2757e3e (from https://pypi.python.org/simple/fabric/), version: 0.0.5.macosx-10.4-i386
    Found link https://pypi.python.org/packages/b6/c3/8eb23441cba44fdf48353242a0409c95eef03c040df64617ddccc5c3970d/Fabric-1.7.3.tar.gz#md5=04053e403baef717f2b1a84feb17b4b7 (from https://pypi.python.org/simple/fabric/), version: 1.7.3
    Found link https://pypi.python.org/packages/cb/1e/dac0e94be15305589b3ff427cdbdc92e2e05cd2a0634d67d250623138da0/Fabric-1.6.4.tar.gz#md5=f27dcd0c7d359cbc6aedc22542a1c9b2 (from https://pypi.python.org/simple/fabric/), version: 1.6.4
    Found link https://pypi.python.org/packages/d9/1e/4ce54218d5de7121692028aa78228768a34f2146249e541caad2d194a76d/Fabric-1.3.2.tar.gz#md5=025ce7ec2cb0d65ed86a012bb3926f1a (from https://pypi.python.org/simple/fabric/), version: 1.3.2
    Found link https://pypi.python.org/packages/dd/82/1421a4330a935afe9aef48b8cec404f74360e533c18074fcacfa6c90d95c/Fabric-0.9.0.tar.gz#md5=696e42e6e771fa2a365cd03536d4cdcf (from https://pypi.python.org/simple/fabric/), version: 0.9.0
    Found link https://pypi.python.org/packages/e0/5f/3d0aefdb04574cc8c748e8b7a83a0e7c8fd2751e062a47ff0a27372291fb/Fabric-1.7.4.tar.gz#md5=e7e4afc581a9924c681bd742c79ffd40 (from https://pypi.python.org/simple/fabric/), version: 1.7.4
    Found link https://pypi.python.org/packages/e2/10/f78ff8da917d991070b0ba5f9bfb2442cde4adffc3960a0315d45f434df3/Fabric-1.1.3.tar.gz#md5=b04ab0d0b7345b9d7a6e41a905f0868d (from https://pypi.python.org/simple/fabric/), version: 1.1.3
    Found link https://pypi.python.org/packages/ed/c3/55b414f365dff3b61a6b010258545b49f9d4c2cc4aa9f9ff7fccd78f9210/Fabric-0.9.1.tar.gz#md5=2c2dc002d0da6cc4041f1c12be51e762 (from https://pypi.python.org/simple/fabric/), version: 0.9.1
    Found link https://pypi.python.org/packages/ee/62/dc942156d7f8dc4792fea8fbec51518c907a043d420b34d2cc0a9306706d/Fabric-1.10.2-py2-none-any.whl#md5=7e33a2560c38789bcb53d69c2d78479e (from https://pypi.python.org/simple/fabric/), version: 1.10.2
    Found link https://pypi.python.org/packages/f3/b3/32a8d10f7fcd221ada8c137abf0b957da954e87f6f17f7a851ca57d8fef4/Fabric-1.4.4.tar.gz#md5=91f0c6da74a39810db4800bef48a0091 (from https://pypi.python.org/simple/fabric/), version: 1.4.4
    Found link https://pypi.python.org/packages/fa/ee/068a563a7e0ece4e1b61e19695b1befb3dd415294a6e623aa03eeb2a5536/Fabric-1.3.7.tar.gz#md5=6bc411ae09ac6e26c44eca5be5031580 (from https://pypi.python.org/simple/fabric/), version: 1.3.7
    Found link https://pypi.python.org/packages/py2.py3/F/Fabric/Fabric-1.8.1-py2.py3-none-any.whl#md5=d2338fc6539aec91e78f81e924e44a9a (from https://pypi.python.org/simple/fabric/), version: 1.8.1
    Found link https://pypi.python.org/packages/py2/F/Fabric/Fabric-1.8.1-py2-none-any.whl#md5=f228d73d4a0bdc1e1e23864e970f477c (from https://pypi.python.org/simple/fabric/), version: 1.8.1
    Found link https://pypi.python.org/packages/py2/F/Fabric/Fabric-1.8.2-py2-none-any.whl#md5=45bea574cd0548d85ebf81356777fbeb (from https://pypi.python.org/simple/fabric/), version: 1.8.2
    Found link https://pypi.python.org/packages/py2/F/Fabric/Fabric-1.8.3-py2-none-any.whl#md5=50662e783cf544980f635e662575a8a6 (from https://pypi.python.org/simple/fabric/), version: 1.8.3
    Found link https://pypi.python.org/packages/py2/F/Fabric/Fabric-1.8.4-py2-none-any.whl#md5=9e5a651ea09811c8d34470fa8376b036 (from https://pypi.python.org/simple/fabric/), version: 1.8.4
    Found link https://pypi.python.org/packages/py2/F/Fabric/Fabric-1.8.5-py2-none-any.whl#md5=2e3899f68dc4e24773ee04445a07acbe (from https://pypi.python.org/simple/fabric/), version: 1.8.5
    Found link https://pypi.python.org/packages/py2/F/Fabric/Fabric-1.9.0-py2-none-any.whl#md5=596bb22ec608e705f15f4a8f8788b826 (from https://pypi.python.org/simple/fabric/), version: 1.9.0
    Found link https://pypi.python.org/packages/py2/F/Fabric/Fabric-1.9.1-py2-none-any.whl#md5=7ed20765a9c934f9acc6ab647ea7fb0b (from https://pypi.python.org/simple/fabric/), version: 1.9.1
    Found link https://pypi.python.org/packages/py2/F/Fabric/Fabric-1.9.2-py2-none-any.whl#md5=7a330e45a34af088eba53760730afe8a (from https://pypi.python.org/simple/fabric/), version: 1.9.2
    Found link https://pypi.python.org/packages/source/F/Fabric/Fabric-0.0.1.tar.gz#md5=0f5f1f3a513c388b0cd5e68bf782686f (from https://pypi.python.org/simple/fabric/), version: 0.0.1
    Found link https://pypi.python.org/packages/source/F/Fabric/Fabric-0.0.2.tar.gz#md5=c0ae6c66e1708ed84aefa19375519f38 (from https://pypi.python.org/simple/fabric/), version: 0.0.2
    Found link https://pypi.python.org/packages/source/F/Fabric/Fabric-0.0.3.tar.gz#md5=7bc64a78efedaf219dda6d39faa6d613 (from https://pypi.python.org/simple/fabric/), version: 0.0.3
    Found link https://pypi.python.org/packages/source/F/Fabric/Fabric-0.0.4.tar.gz#md5=2e81ef8b628b8fedb0b3fd7f00b3f0eb (from https://pypi.python.org/simple/fabric/), version: 0.0.4
    Found link https://pypi.python.org/packages/source/F/Fabric/Fabric-0.0.5.tar.gz#md5=446f3c1276d78ea7269c7e452f541582 (from https://pypi.python.org/simple/fabric/), version: 0.0.5
    Found link https://pypi.python.org/packages/source/F/Fabric/Fabric-0.0.7.tar.gz#md5=18dab8530885cb689ed3d79f3a9eba86 (from https://pypi.python.org/simple/fabric/), version: 0.0.7
    Found link https://pypi.python.org/packages/source/F/Fabric/Fabric-0.0.9.tar.gz#md5=ac79968ae85907dd45ecb4b09c826571 (from https://pypi.python.org/simple/fabric/), version: 0.0.9
    Found link https://pypi.python.org/packages/source/F/Fabric/Fabric-0.1.0.tar.gz#md5=82bbaef1f59486a591de5b536629b504 (from https://pypi.python.org/simple/fabric/), version: 0.1.0
    Found link https://pypi.python.org/packages/source/F/Fabric/Fabric-0.1.1.tar.gz#md5=712991961bb876d2bb70d662cb67f454 (from https://pypi.python.org/simple/fabric/), version: 0.1.1
    Found link https://pypi.python.org/packages/source/F/Fabric/Fabric-0.9.2.tar.gz#md5=5ba652d4d4525fb6b470edf55747ea45 (from https://pypi.python.org/simple/fabric/), version: 0.9.2
    Found link https://pypi.python.org/packages/source/F/Fabric/Fabric-0.9.3.tar.gz#md5=e83dfd6c6889292e24ca7e4eb1ab371a (from https://pypi.python.org/simple/fabric/), version: 0.9.3
    Found link https://pypi.python.org/packages/source/F/Fabric/Fabric-0.9.6.tar.gz#md5=42e00d409370201e337577f8879dc55e (from https://pypi.python.org/simple/fabric/), version: 0.9.6
    Found link https://pypi.python.org/packages/source/F/Fabric/Fabric-0.9.7.tar.gz#md5=11e63c37711bf6ba0d3691221554b9c1 (from https://pypi.python.org/simple/fabric/), version: 0.9.7
    Found link https://pypi.python.org/packages/source/F/Fabric/Fabric-1.0.0.tar.gz#md5=9471af5fbda54318031f9ad6025e885d (from https://pypi.python.org/simple/fabric/), version: 1.0.0
    Found link https://pypi.python.org/packages/source/F/Fabric/Fabric-1.0.1.tar.gz#md5=2d8bc8055be51e4fd4247ceac8b79c05 (from https://pypi.python.org/simple/fabric/), version: 1.0.1
    Found link https://pypi.python.org/packages/source/F/Fabric/Fabric-1.0.5.tar.gz#md5=0abb5786d3e2444fc908e8dab5adcbc2 (from https://pypi.python.org/simple/fabric/), version: 1.0.5
    Found link https://pypi.python.org/packages/source/F/Fabric/Fabric-1.1.1.tar.gz#md5=294dfe7456e73de251c26b30724e6bb8 (from https://pypi.python.org/simple/fabric/), version: 1.1.1
    Found link https://pypi.python.org/packages/source/F/Fabric/Fabric-1.1.2.tar.gz#md5=372e6ccea752896000d0910f1c4533aa (from https://pypi.python.org/simple/fabric/), version: 1.1.2
    Found link https://pypi.python.org/packages/source/F/Fabric/Fabric-1.1.4.tar.gz#md5=95df5b26daa80efe2585835157db903c (from https://pypi.python.org/simple/fabric/), version: 1.1.4
    Found link https://pypi.python.org/packages/source/F/Fabric/Fabric-1.1.5.tar.gz#md5=e408bd7097ad8051d6820c5ef946c6c6 (from https://pypi.python.org/simple/fabric/), version: 1.1.5
    Found link https://pypi.python.org/packages/source/F/Fabric/Fabric-1.1.6.tar.gz#md5=b12df909c9bdc6ea743c47f49a0a936d (from https://pypi.python.org/simple/fabric/), version: 1.1.6
    Found link https://pypi.python.org/packages/source/F/Fabric/Fabric-1.1.7.tar.gz#md5=dd36999f0c50f1fbf2bf05cd98d4059a (from https://pypi.python.org/simple/fabric/), version: 1.1.7
    Found link https://pypi.python.org/packages/source/F/Fabric/Fabric-1.1.8.tar.gz#md5=b9aad9ebff08699837b110a60f9b85c2 (from https://pypi.python.org/simple/fabric/), version: 1.1.8
    Found link https://pypi.python.org/packages/source/F/Fabric/Fabric-1.10.0.tar.gz#md5=2cb96473387f0e7aa035210892352f4a (from https://pypi.python.org/simple/fabric/), version: 1.10.0
    Found link https://pypi.python.org/packages/source/F/Fabric/Fabric-1.10.1.tar.gz#md5=596ad28296a264cedef021494bd40cd5 (from https://pypi.python.org/simple/fabric/), version: 1.10.1
    Found link https://pypi.python.org/packages/source/F/Fabric/Fabric-1.10.3.tar.gz#md5=396276126c95593f1a17501fe15bc01d (from https://pypi.python.org/simple/fabric/), version: 1.10.3
    Found link https://pypi.python.org/packages/source/F/Fabric/Fabric-1.11.1.tar.gz#md5=e9ec969802d3e9427111ffc5c3ea142c (from https://pypi.python.org/simple/fabric/), version: 1.11.1
    Found link https://pypi.python.org/packages/source/F/Fabric/Fabric-1.2.0.tar.gz#md5=468f37866d81234866f557878a3a9f13 (from https://pypi.python.org/simple/fabric/), version: 1.2.0
    Found link https://pypi.python.org/packages/source/F/Fabric/Fabric-1.2.1.tar.gz#md5=5ec016af4af43b8f7ab1c7bdb62a027b (from https://pypi.python.org/simple/fabric/), version: 1.2.1
    Found link https://pypi.python.org/packages/source/F/Fabric/Fabric-1.2.3.tar.gz#md5=8413748b35bd51deb8ebb908631fe35b (from https://pypi.python.org/simple/fabric/), version: 1.2.3
    Found link https://pypi.python.org/packages/source/F/Fabric/Fabric-1.2.4.tar.gz#md5=5dd18ca1fefca3a93f78be56ec25470a (from https://pypi.python.org/simple/fabric/), version: 1.2.4
    Found link https://pypi.python.org/packages/source/F/Fabric/Fabric-1.2.5.tar.gz#md5=1717b17c45562fe7b118942a1caa662a (from https://pypi.python.org/simple/fabric/), version: 1.2.5
    Found link https://pypi.python.org/packages/source/F/Fabric/Fabric-1.2.6.tar.gz#md5=e2d7874da44b559befd6ba47d6b79d67 (from https://pypi.python.org/simple/fabric/), version: 1.2.6
    Found link https://pypi.python.org/packages/source/F/Fabric/Fabric-1.3.0.tar.gz#md5=29b8145e82f21e24462ee542a584e069 (from https://pypi.python.org/simple/fabric/), version: 1.3.0
    Found link https://pypi.python.org/packages/source/F/Fabric/Fabric-1.3.1.tar.gz#md5=599d15f9c4674c6f72f062ccbb19e030 (from https://pypi.python.org/simple/fabric/), version: 1.3.1
    Found link https://pypi.python.org/packages/source/F/Fabric/Fabric-1.3.4.tar.gz#md5=a99123ab5e1ad3d4db2cf20dd1891735 (from https://pypi.python.org/simple/fabric/), version: 1.3.4
    Found link https://pypi.python.org/packages/source/F/Fabric/Fabric-1.3.5.tar.gz#md5=621d9ba92bb2a293420b74ff7e5f860e (from https://pypi.python.org/simple/fabric/), version: 1.3.5
    Found link https://pypi.python.org/packages/source/F/Fabric/Fabric-1.3.6.tar.gz#md5=2a2dc865258fc4ed4d77bb5269ba5740 (from https://pypi.python.org/simple/fabric/), version: 1.3.6
    Found link https://pypi.python.org/packages/source/F/Fabric/Fabric-1.3.8.tar.gz#md5=eb52ceacda894d7035750bdc6c0c6e15 (from https://pypi.python.org/simple/fabric/), version: 1.3.8
    Found link https://pypi.python.org/packages/source/F/Fabric/Fabric-1.4.0.tar.gz#md5=e6e166c2b73ea0c5eeae7d266b51d1d1 (from https://pypi.python.org/simple/fabric/), version: 1.4.0
    Found link https://pypi.python.org/packages/source/F/Fabric/Fabric-1.4.1.tar.gz#md5=a5da3c552b06be22e22b9e9ef61f2b83 (from https://pypi.python.org/simple/fabric/), version: 1.4.1
    Found link https://pypi.python.org/packages/source/F/Fabric/Fabric-1.4.2.tar.gz#md5=f438286b245809eb1a452dd4d3456a15 (from https://pypi.python.org/simple/fabric/), version: 1.4.2
    Found link https://pypi.python.org/packages/source/F/Fabric/Fabric-1.5.0.tar.gz#md5=13b7b98149497fb7ab6f880e3e875f89 (from https://pypi.python.org/simple/fabric/), version: 1.5.0
    Found link https://pypi.python.org/packages/source/F/Fabric/Fabric-1.5.1.tar.gz#md5=76343c8f5eab116ceb995cc31bff297b (from https://pypi.python.org/simple/fabric/), version: 1.5.1
    Found link https://pypi.python.org/packages/source/F/Fabric/Fabric-1.5.2.tar.gz#md5=d9fd35d6c962c43091b7063709022c8f (from https://pypi.python.org/simple/fabric/), version: 1.5.2
    Found link https://pypi.python.org/packages/source/F/Fabric/Fabric-1.5.4.tar.gz#md5=4732d24a7bf61e5d4f15dbf1ff9b3875 (from https://pypi.python.org/simple/fabric/), version: 1.5.4
    Found link https://pypi.python.org/packages/source/F/Fabric/Fabric-1.5.5.tar.gz#md5=2fc590dc0d91fae1668974aed0ef6d0c (from https://pypi.python.org/simple/fabric/), version: 1.5.5
    Found link https://pypi.python.org/packages/source/F/Fabric/Fabric-1.6.0.tar.gz#md5=e58bde050aad151e3b1b36dbd433f2d7 (from https://pypi.python.org/simple/fabric/), version: 1.6.0
    Found link https://pypi.python.org/packages/source/F/Fabric/Fabric-1.6.1.tar.gz#md5=c318ac3f7011ede0be1ca9a20f435735 (from https://pypi.python.org/simple/fabric/), version: 1.6.1
    Found link https://pypi.python.org/packages/source/F/Fabric/Fabric-1.6.2.tar.gz#md5=a4dfd4d564dc0079e23cb74be7492859 (from https://pypi.python.org/simple/fabric/), version: 1.6.2
    Found link https://pypi.python.org/packages/source/F/Fabric/Fabric-1.7.0.tar.gz#md5=48e4176f0be925a44ef83ce0efc6d69b (from https://pypi.python.org/simple/fabric/), version: 1.7.0
    Found link https://pypi.python.org/packages/source/F/Fabric/Fabric-1.7.2.tar.gz#md5=742b0f065a5b9bc963cf9ffb9deabf86 (from https://pypi.python.org/simple/fabric/), version: 1.7.2
    Found link https://pypi.python.org/packages/source/F/Fabric/Fabric-1.7.5.tar.gz#md5=a53da3adf6fa1cc5c9e6a49916dca5f8 (from https://pypi.python.org/simple/fabric/), version: 1.7.5
    Found link https://pypi.python.org/packages/source/F/Fabric/Fabric-1.8.0.tar.gz#md5=1f195d16b05877767816617749d33eca (from https://pypi.python.org/simple/fabric/), version: 1.8.0
    Found link https://pypi.python.org/packages/source/F/Fabric/Fabric-1.8.3.tar.gz#md5=02ce0ad4657f2d0ab6497a8fd3a09c2c (from https://pypi.python.org/simple/fabric/), version: 1.8.3
    Found link https://pypi.python.org/packages/source/F/Fabric/Fabric-1.8.4.tar.gz#md5=4bbbb98d0b8641cd9fcee32231e31811 (from https://pypi.python.org/simple/fabric/), version: 1.8.4
    Found link https://pypi.python.org/packages/source/F/Fabric/Fabric-1.8.5.tar.gz#md5=9a3451a185e76064d7ed9d7876ca26ee (from https://pypi.python.org/simple/fabric/), version: 1.8.5
    Found link https://pypi.python.org/packages/source/F/Fabric/Fabric-1.9.1.tar.gz#md5=434dfbdc47c160946c8a71d966526422 (from https://pypi.python.org/simple/fabric/), version: 1.9.1
  Ignoring link https://pypi.python.org/packages/9b/26/aa1f4e9a72e7f49d7c096bba2297ee7c2ade85c0a054aa407d7a572a554d/Fabric-0.0.3.macosx-10.4-i386.tar.gz#md5=c887a7dd5ee59fbb1c5ccded6e5b596d (from https://pypi.python.org/simple/fabric/), version 0.0.3.macosx-10.4-i386 is a pre-release (use --pre to allow).
  Ignoring link https://pypi.python.org/packages/any/F/Fabric/Fabric-0.0.1.macosx-10.4-i386.tar.gz#md5=ca0b71422e2ce4d71947d13751d17672 (from https://pypi.python.org/simple/fabric/), version 0.0.1.macosx-10.4-i386 is a pre-release (use --pre to allow).
  Ignoring link https://pypi.python.org/packages/any/F/Fabric/Fabric-0.0.2.macosx-10.4-i386.tar.gz#md5=d09773af77ce36bc1b55d0cdcf8598c0 (from https://pypi.python.org/simple/fabric/), version 0.0.2.macosx-10.4-i386 is a pre-release (use --pre to allow).
  Ignoring link https://pypi.python.org/packages/any/F/Fabric/Fabric-0.0.4.macosx-10.4-i386.tar.gz#md5=ae8c5097955cbe453aacd0f5eb6f23fc (from https://pypi.python.org/simple/fabric/), version 0.0.4.macosx-10.4-i386 is a pre-release (use --pre to allow).
  Ignoring link https://pypi.python.org/packages/any/F/Fabric/Fabric-0.0.5.macosx-10.4-i386.tar.gz#md5=68b06f103835493d47107600f2757e3e (from https://pypi.python.org/simple/fabric/), version 0.0.5.macosx-10.4-i386 is a pre-release (use --pre to allow).
  Using version 1.11.1 (newest of versions: 1.11.1, 1.11.1, 1.10.3, 1.10.3, 1.10.2, 1.10.2, 1.10.1, 1.10.0, 1.9.2, 1.9.2, 1.9.1, 1.9.1, 1.9.0, 1.9.0, 1.8.5, 1.8.5, 1.8.4, 1.8.4, 1.8.3, 1.8.3, 1.8.2, 1.8.2, 1.8.1, 1.8.1, 1.8.1, 1.8.0, 1.7.5, 1.7.4, 1.7.3, 1.7.2, 1.7.1, 1.7.0, 1.6.4, 1.6.2, 1.6.1, 1.6.0, 1.5.5, 1.5.4, 1.5.3, 1.5.2, 1.5.1, 1.5.0, 1.4.4, 1.4.3, 1.4.2, 1.4.1, 1.4.0, 1.3.8, 1.3.7, 1.3.6, 1.3.5, 1.3.4, 1.3.3, 1.3.2, 1.3.1, 1.3.0, 1.2.6, 1.2.5, 1.2.4, 1.2.3, 1.2.2, 1.2.1, 1.2.0, 1.1.8, 1.1.7, 1.1.6, 1.1.5, 1.1.4, 1.1.3, 1.1.2, 1.1.1, 1.1.0, 1.0.5, 1.0.4, 1.0.3, 1.0.2, 1.0.1, 1.0.0, 0.9.7, 0.9.6, 0.9.5, 0.9.4, 0.9.3, 0.9.2, 0.9.1, 0.9.0, 0.1.1, 0.1.0, 0.0.9, 0.0.8, 0.0.7, 0.0.6, 0.0.5, 0.0.4, 0.0.3, 0.0.2, 0.0.1)
  Downloading from URL https://pypi.python.org/packages/19/41/74a55876db66f70234f24b260eb2b7b091e6493eba1819117c6803d8da9d/Fabric-1.11.1-py2-none-any.whl#md5=1b2635c908405c0d33b3eebe7ff88afc (from https://pypi.python.org/simple/fabric/)
Downloading/unpacking paramiko>=1.10,<2.0 (from fabric)
  Getting page https://pypi.python.org/simple/paramiko/
  URLs to search for versions for paramiko>=1.10,<2.0 (from fabric):
  * https://pypi.python.org/simple/paramiko/
  Analyzing links from page https://pypi.python.org/simple/paramiko/
    Found link https://pypi.python.org/packages/04/2b/a22d2a560c1951abbbf95a0628e245945565f70dc082d9e784666887222c/paramiko-1.15.1.tar.gz#md5=48c274c3f9b1282932567b21f6acf3b5 (from https://pypi.python.org/simple/paramiko/), version: 1.15.1
    Found link https://pypi.python.org/packages/06/52/db241a9fd0c672634b9dfefedefe294e50611414f1d2a88fcf36664d0643/paramiko-1.15.4-py2.py3-none-any.whl#md5=b35bcdafa08c0f456fd50a033aade5c3 (from https://pypi.python.org/simple/paramiko/), version: 1.15.4
    Found link https://pypi.python.org/packages/2.6/p/paramiko/paramiko-1.13.1-py2.py3-none-any.whl#md5=2d28a672b66abaaa99bb3eb1e0288649 (from https://pypi.python.org/simple/paramiko/), version: 1.13.1
    Found link https://pypi.python.org/packages/2.6/p/paramiko/paramiko-1.13.2-py2.py3-none-any.whl#md5=3fce6097c5a8a298a67cba7d6760f519 (from https://pypi.python.org/simple/paramiko/), version: 1.13.2
    Found link https://pypi.python.org/packages/2.6/p/paramiko/paramiko-1.14.1-py2.py3-none-any.whl#md5=c4d9b23f258279cdffaf9225a9bff22f (from https://pypi.python.org/simple/paramiko/), version: 1.14.1
    Found link https://pypi.python.org/packages/2.6/p/paramiko/paramiko-1.14.2-py2.py3-none-any.whl#md5=eecc7cc5369e6354dcacb3312cab6760 (from https://pypi.python.org/simple/paramiko/), version: 1.14.2
    Found link https://pypi.python.org/packages/2.6/p/paramiko/paramiko-1.15.0-py2.py3-none-any.whl#md5=84e8d4e709957096d838aed6878efb25 (from https://pypi.python.org/simple/paramiko/), version: 1.15.0
    Found link https://pypi.python.org/packages/2.6/p/paramiko/paramiko-1.15.2-py2.py3-none-any.whl#md5=ea8ad8f18a4327976dde4e46f33f8cd5 (from https://pypi.python.org/simple/paramiko/), version: 1.15.2
    Found link https://pypi.python.org/packages/23/54/3a88b35388f0df0a12d8cccc3f7f80d4c689c24600dd64a100b7b3dff6c6/paramiko-1.16.0.tar.gz#md5=7e1203f5ffeb7d2bc2bffc4feb804216 (from https://pypi.python.org/simple/paramiko/), version: 1.16.0
    Found link https://pypi.python.org/packages/38/72/131039d839f6b29e9a63d8edeb431a17fd5ae108db67456d71a48fd2e87f/paramiko-1.6.2.zip#md5=d43879c86fcc100d199df425a3fcaf05 (from https://pypi.python.org/simple/paramiko/), version: 1.6.2
    Found link https://pypi.python.org/packages/40/3c/95a6589458a3785d3c77cb4e3d4f0d566a008c0ce1d77bf7798d97367512/paramiko-1.10.4.tar.gz#md5=aefe6dcb510104eb667a91ad32537472 (from https://pypi.python.org/simple/paramiko/), version: 1.10.4
    Found link https://pypi.python.org/packages/4d/66/6505b634349a6d733e934baba9b67bc1ae20831f3674e70c7f50370f3e70/paramiko-1.6.3.zip#md5=5b3269d7cbc724fd86dc21d412f05edc (from https://pypi.python.org/simple/paramiko/), version: 1.6.3
    Found link https://pypi.python.org/packages/52/20/5df1edb2754f14b7e09e3fe3718c4610dc0f904ae0c492ff19538ab9132f/paramiko-0.9-gyarados.zip#md5=5619cb4035cacc20a9f8cf4be1eb90a8 (from https://pypi.python.org/simple/paramiko/), version: 0.9-gyarados
    Found link https://pypi.python.org/packages/59/ce/c168a8d695d95e804239a670fa34683598fa09e2323e6a9f69e23292c0b5/paramiko-1.7.zip#md5=11eb2a8688c6719a24a01f82153ffe4e (from https://pypi.python.org/simple/paramiko/), version: 1.7
    Found link https://pypi.python.org/packages/5b/d5/078e370697b809a097ef43eefbbb768554036d6f802c1ed5b742e24fceed/paramiko-1.13.3-py2.py3-none-any.whl#md5=68862942fb5c0a49db4e973be18783e1 (from https://pypi.python.org/simple/paramiko/), version: 1.13.3
    Found link https://pypi.python.org/packages/64/d8/44a314d679af6a10ee97b7e45417908d212c6f015768f16d0644ed8e9461/paramiko-1.15.1-py2.py3-none-any.whl#md5=c1bdb230ea898d01550bb19a6e8ea849 (from https://pypi.python.org/simple/paramiko/), version: 1.15.1
    Found link https://pypi.python.org/packages/6e/3b/cd638db9b35a10fa2db22334b3863d7be9b31df7b828866545bf84b7c078/paramiko-1.13.4-py2.py3-none-any.whl#md5=4682f1224a0dcdc3001d85ac4818c929 (from https://pypi.python.org/simple/paramiko/), version: 1.13.4
    Found link https://pypi.python.org/packages/75/38/7af084a1bdf49004981b2daef1f4389c50d18ed4ef888ec8f69927a0e594/paramiko-1.15.2.tar.gz#md5=6bbfb328fe816c3d3652ba6528cc8b4c (from https://pypi.python.org/simple/paramiko/), version: 1.15.2
    Found link https://pypi.python.org/packages/75/96/dd7e8bf05446ad62e270107d90e520fff6bca8249201992ece283ea9ae38/paramiko-1.5.2.zip#md5=e9150f837a00fb95847657684873f201 (from https://pypi.python.org/simple/paramiko/), version: 1.5.2
    Found link https://pypi.python.org/packages/7b/c1/ddd09923a8c894cb60f502577caddb1a3f6baf619969162786513415e542/paramiko-1.12.3.tar.gz#md5=ee844f812d91628d7dcb1f8d70ea2973 (from https://pypi.python.org/simple/paramiko/), version: 1.12.3
    Found link https://pypi.python.org/packages/93/bb/6873c4396a2af486f7025101f78a42120ca8f8c4ceae6177e2af57ae38c0/paramiko-1.14.0-py2.py3-none-any.whl#md5=cc57661a22484fd78188e89bbadfa1a1 (from https://pypi.python.org/simple/paramiko/), version: 1.14.0
    Found link https://pypi.python.org/packages/94/92/6c130503eb540b764dd7168b242737115c6211479bbdd11cd8af0f22fc39/paramiko-1.11.4.tar.gz#md5=26fc154fd934454fb5a404ecb0650e4b (from https://pypi.python.org/simple/paramiko/), version: 1.11.4
    Found link https://pypi.python.org/packages/b9/ff/7dbc1cf4a9fedc8a2a8851e4000720646ae92f568cb20a3777132d21661f/paramiko-1.13.0.tar.gz#md5=acc53ee396dd907220a4141e118a845d (from https://pypi.python.org/simple/paramiko/), version: 1.13.0
    Found link https://pypi.python.org/packages/c0/ae/40bb0649e0c3f6f47762e3520b1fe8afed29f08a42bc00e9287cd033dee1/paramiko-1.13.3.tar.gz#md5=ca07b890f49ce4e3ab972fa4d4703925 (from https://pypi.python.org/simple/paramiko/), version: 1.13.3
    Found link https://pypi.python.org/packages/c0/c7/e6dad37f5a68e21eff9d889a148782479293520d319c8ecc51a85aa211f8/paramiko-1.14.3.tar.gz#md5=5d1760188e17b82f315036b8f2bbb4af (from https://pypi.python.org/simple/paramiko/), version: 1.14.3
    Found link https://pypi.python.org/packages/c7/b1/65300e407e4a7e0db9230d3df6f45b277ba58d5bbdde1b75464f40916c35/paramiko-1.14.2.tar.gz#md5=3b90e47d2070e64453f8662dbb67350f (from https://pypi.python.org/simple/paramiko/), version: 1.14.2
    Found link https://pypi.python.org/packages/d3/f5/e54f2783c68cd46d95c1d64ae371820562b1ccef97e6552463a460aa40e3/paramiko-1.15.3.tar.gz#md5=c959088669f8d951585aa6abc25c8ef6 (from https://pypi.python.org/simple/paramiko/), version: 1.15.3
    Found link https://pypi.python.org/packages/dd/48/5bd31bb830f41ea6896437b9af11359d7b0258db07beabaa81aad14fe714/paramiko-0.9-ivysaur.zip#md5=7dca2bd69afd0108757390ee1d547448 (from https://pypi.python.org/simple/paramiko/), version: 0.9-ivysaur
    Found link https://pypi.python.org/packages/e6/83/80883dbee80f8c6df63e9d93c133cc4fe6a70ebdc6fee265dec371afa583/paramiko-1.6.1.zip#md5=8dbd556c0f6c8bb8bf8b97f0e05a910e (from https://pypi.python.org/simple/paramiko/), version: 1.6.1
    Found link https://pypi.python.org/packages/f0/5b/6c9819cc449369af254ed94edf30441c4083c31d114e864f0e4eab7ecc90/paramiko-1.11.6.tar.gz#md5=f92b404c2bf9762cf1dfcaf4a2efeba9 (from https://pypi.python.org/simple/paramiko/), version: 1.11.6
    Found link https://pypi.python.org/packages/py2.py3/p/paramiko/paramiko-1.14.3-py2.py3-none-any.whl#md5=e1a2cd97fe852364d36561bfca56af81 (from https://pypi.python.org/simple/paramiko/), version: 1.14.3
    Found link https://pypi.python.org/packages/py2.py3/p/paramiko/paramiko-1.15.3-py2.py3-none-any.whl#md5=4c9799971e24b1c577f49be09dde05ff (from https://pypi.python.org/simple/paramiko/), version: 1.15.3
    Found link https://pypi.python.org/packages/py2.py3/p/paramiko/paramiko-1.16.0-py2.py3-none-any.whl#md5=06ad3fae3fae7718d7055b733a28ba21 (from https://pypi.python.org/simple/paramiko/), version: 1.16.0
    Found link https://pypi.python.org/packages/source/p/paramiko/paramiko-0.1-bulbasaur.zip#md5=e32431cd7649146dca5861bce306e56b (from https://pypi.python.org/simple/paramiko/), version: 0.1-bulbasaur
    Found link https://pypi.python.org/packages/source/p/paramiko/paramiko-0.1-charmander.zip#md5=f7a14837f49d5870f1b7ebf957cbee17 (from https://pypi.python.org/simple/paramiko/), version: 0.1-charmander
    Found link https://pypi.python.org/packages/source/p/paramiko/paramiko-0.9-doduo.zip#md5=8f26db8130f90e64b139277fa9b2653e (from https://pypi.python.org/simple/paramiko/), version: 0.9-doduo
    Found link https://pypi.python.org/packages/source/p/paramiko/paramiko-0.9-eevee.zip#md5=4688a6f60339021ba5c71e017abcbcf5 (from https://pypi.python.org/simple/paramiko/), version: 0.9-eevee
    Found link https://pypi.python.org/packages/source/p/paramiko/paramiko-0.9-fearow.zip#md5=69dc72434f88381c6d03d43082db511e (from https://pypi.python.org/simple/paramiko/), version: 0.9-fearow
    Found link https://pypi.python.org/packages/source/p/paramiko/paramiko-0.9-horsea.zip#md5=3b5730be2e84ba13c8945bdb75e73e13 (from https://pypi.python.org/simple/paramiko/), version: 0.9-horsea
    Found link https://pypi.python.org/packages/source/p/paramiko/paramiko-1.0.zip#md5=9b2487ac9fc4778603a80aeac6cc9bbf (from https://pypi.python.org/simple/paramiko/), version: 1.0
    Found link https://pypi.python.org/packages/source/p/paramiko/paramiko-1.1.zip#md5=916b9337e5557245d5b9ce85bca9d9d3 (from https://pypi.python.org/simple/paramiko/), version: 1.1
    Found link https://pypi.python.org/packages/source/p/paramiko/paramiko-1.10.0.tar.gz#md5=df3dc87d1501cd529b4f68cf20d5b249 (from https://pypi.python.org/simple/paramiko/), version: 1.10.0
    Found link https://pypi.python.org/packages/source/p/paramiko/paramiko-1.10.1.tar.gz#md5=4ba105e2d8535496fd633889396b20b7 (from https://pypi.python.org/simple/paramiko/), version: 1.10.1
    Found link https://pypi.python.org/packages/source/p/paramiko/paramiko-1.10.2.tar.gz#md5=7cb9fd330d7bb6799c392f3822866a73 (from https://pypi.python.org/simple/paramiko/), version: 1.10.2
    Found link https://pypi.python.org/packages/source/p/paramiko/paramiko-1.10.3.tar.gz#md5=e817e606156009fa3ffd751cfa2062e3 (from https://pypi.python.org/simple/paramiko/), version: 1.10.3
    Found link https://pypi.python.org/packages/source/p/paramiko/paramiko-1.10.5.tar.gz#md5=592175f8dc414ffe7cedf1e48795484f (from https://pypi.python.org/simple/paramiko/), version: 1.10.5
    Found link https://pypi.python.org/packages/source/p/paramiko/paramiko-1.10.6.tar.gz#md5=0f56ac48b7f1fd091f48bb4e9832a1f1 (from https://pypi.python.org/simple/paramiko/), version: 1.10.6
    Found link https://pypi.python.org/packages/source/p/paramiko/paramiko-1.10.7.tar.gz#md5=34361ca5c38bd39eecf8b546277781dd (from https://pypi.python.org/simple/paramiko/), version: 1.10.7
    Found link https://pypi.python.org/packages/source/p/paramiko/paramiko-1.11.0.tar.gz#md5=a2c55dc04904bd08d984533703177084 (from https://pypi.python.org/simple/paramiko/), version: 1.11.0
    Found link https://pypi.python.org/packages/source/p/paramiko/paramiko-1.11.1.tar.gz#md5=4f79dbb5741bf900f09ec513807e1c1a (from https://pypi.python.org/simple/paramiko/), version: 1.11.1
    Found link https://pypi.python.org/packages/source/p/paramiko/paramiko-1.11.2.tar.gz#md5=02a7450eff824744d1367d6064378ce8 (from https://pypi.python.org/simple/paramiko/), version: 1.11.2
    Found link https://pypi.python.org/packages/source/p/paramiko/paramiko-1.11.3.tar.gz#md5=b1b50714aee3a6734074ecc5415813e2 (from https://pypi.python.org/simple/paramiko/), version: 1.11.3
    Found link https://pypi.python.org/packages/source/p/paramiko/paramiko-1.11.5.tar.gz#md5=04828fcc9e2468aa305c481607e2c7c6 (from https://pypi.python.org/simple/paramiko/), version: 1.11.5
    Found link https://pypi.python.org/packages/source/p/paramiko/paramiko-1.12.0.tar.gz#md5=4187f77b1a5a313c899993930e30c321 (from https://pypi.python.org/simple/paramiko/), version: 1.12.0
    Found link https://pypi.python.org/packages/source/p/paramiko/paramiko-1.12.1.tar.gz#md5=ae4544dc0a1419b141342af89fcf0dd9 (from https://pypi.python.org/simple/paramiko/), version: 1.12.1
    Found link https://pypi.python.org/packages/source/p/paramiko/paramiko-1.12.2.tar.gz#md5=1453e37f868b76af84dd1319e08c53f9 (from https://pypi.python.org/simple/paramiko/), version: 1.12.2
    Found link https://pypi.python.org/packages/source/p/paramiko/paramiko-1.12.4.tar.gz#md5=166e6a9ffad23a1140fea55fbdfb8847 (from https://pypi.python.org/simple/paramiko/), version: 1.12.4
    Found link https://pypi.python.org/packages/source/p/paramiko/paramiko-1.13.1.tar.gz#md5=9dc0f3d822cce52e65b86f69f31bb555 (from https://pypi.python.org/simple/paramiko/), version: 1.13.1
    Found link https://pypi.python.org/packages/source/p/paramiko/paramiko-1.13.2.tar.gz#md5=4cb278b31d1696fe7df7f29fd24b5649 (from https://pypi.python.org/simple/paramiko/), version: 1.13.2
    Found link https://pypi.python.org/packages/source/p/paramiko/paramiko-1.13.4.tar.gz#md5=2549e44a5703e91534d2d857b6945675 (from https://pypi.python.org/simple/paramiko/), version: 1.13.4
    Found link https://pypi.python.org/packages/source/p/paramiko/paramiko-1.14.0.tar.gz#md5=e26324fd398af68ad506fe98853835c3 (from https://pypi.python.org/simple/paramiko/), version: 1.14.0
    Found link https://pypi.python.org/packages/source/p/paramiko/paramiko-1.14.1.tar.gz#md5=6165e0274f9e4e4b82d9b44e793d8fc6 (from https://pypi.python.org/simple/paramiko/), version: 1.14.1
    Found link https://pypi.python.org/packages/source/p/paramiko/paramiko-1.15.0.tar.gz#md5=64797782f6c33657d905ba5c1ac48ab4 (from https://pypi.python.org/simple/paramiko/), version: 1.15.0
    Found link https://pypi.python.org/packages/source/p/paramiko/paramiko-1.15.4.tar.gz#md5=baf46a6bc789c177f52988bf12a57a6f (from https://pypi.python.org/simple/paramiko/), version: 1.15.4
    Found link https://pypi.python.org/packages/source/p/paramiko/paramiko-1.2.zip#md5=b66e9d9bf666b2d94796c23a6c800994 (from https://pypi.python.org/simple/paramiko/), version: 1.2
    Found link https://pypi.python.org/packages/source/p/paramiko/paramiko-1.3.1.zip#md5=804c1277a512b97aa277a863fb044f69 (from https://pypi.python.org/simple/paramiko/), version: 1.3.1
    Found link https://pypi.python.org/packages/source/p/paramiko/paramiko-1.3.zip#md5=7c83f8312d35e84f80899b81b4368e81 (from https://pypi.python.org/simple/paramiko/), version: 1.3
    Found link https://pypi.python.org/packages/source/p/paramiko/paramiko-1.4.zip#md5=58d5f189c5325b925ed06ab4308f829c (from https://pypi.python.org/simple/paramiko/), version: 1.4
    Found link https://pypi.python.org/packages/source/p/paramiko/paramiko-1.5.1.zip#md5=110e84152106ee7f465582350571cc60 (from https://pypi.python.org/simple/paramiko/), version: 1.5.1
    Found link https://pypi.python.org/packages/source/p/paramiko/paramiko-1.5.4.zip#md5=a580fab7d295e7c731d0c270465d9560 (from https://pypi.python.org/simple/paramiko/), version: 1.5.4
    Found link https://pypi.python.org/packages/source/p/paramiko/paramiko-1.6.4.zip#md5=ab390b2b11ce782063bffdc97be8ab0c (from https://pypi.python.org/simple/paramiko/), version: 1.6.4
    Found link https://pypi.python.org/packages/source/p/paramiko/paramiko-1.6.zip#md5=07c69af81962243907133ed02741b0c6 (from https://pypi.python.org/simple/paramiko/), version: 1.6
    Found link https://pypi.python.org/packages/source/p/paramiko/paramiko-1.7.1.zip#md5=f242d6589c9b5106cd517f9d41a3468c (from https://pypi.python.org/simple/paramiko/), version: 1.7.1
    Found link https://pypi.python.org/packages/source/p/paramiko/paramiko-1.7.2.zip#md5=bf7268a722d5760149fb9dfc1432a6a6 (from https://pypi.python.org/simple/paramiko/), version: 1.7.2
    Found link https://pypi.python.org/packages/source/p/paramiko/paramiko-1.7.4.tar.gz#md5=23061d68bbcb68dbcc8afbe4cb034f62 (from https://pypi.python.org/simple/paramiko/), version: 1.7.4
    Found link https://pypi.python.org/packages/source/p/paramiko/paramiko-1.7.5.zip#md5=684dd033b7b84bedf06360ecb8983654 (from https://pypi.python.org/simple/paramiko/), version: 1.7.5
    Found link https://pypi.python.org/packages/source/p/paramiko/paramiko-1.7.6.zip#md5=b1cfe0cd55772115f808a11c1baba8a0 (from https://pypi.python.org/simple/paramiko/), version: 1.7.6
    Found link https://pypi.python.org/packages/source/p/paramiko/paramiko-1.7.7.1.zip#md5=4a9d3bab15a0cbf8b0b828aefd395993 (from https://pypi.python.org/simple/paramiko/), version: 1.7.7.1
    Found link https://pypi.python.org/packages/source/p/paramiko/paramiko-1.7.7.2.zip#md5=f6b2dc341ee62c30574570182b7a5744 (from https://pypi.python.org/simple/paramiko/), version: 1.7.7.2
    Found link https://pypi.python.org/packages/source/p/paramiko/paramiko-1.8.0.tar.gz#md5=a4401dba9bbf71b056244481d2d3b16a (from https://pypi.python.org/simple/paramiko/), version: 1.8.0
    Found link https://pypi.python.org/packages/source/p/paramiko/paramiko-1.8.1.tar.gz#md5=bc2a5b7b4a7f80eed0172b8dc5519df1 (from https://pypi.python.org/simple/paramiko/), version: 1.8.1
    Found link https://pypi.python.org/packages/source/p/paramiko/paramiko-1.9.0.tar.gz#md5=b78472021ff6586dd61ad6972032f54f (from https://pypi.python.org/simple/paramiko/), version: 1.9.0
  Ignoring link https://pypi.python.org/packages/38/72/131039d839f6b29e9a63d8edeb431a17fd5ae108db67456d71a48fd2e87f/paramiko-1.6.2.zip#md5=d43879c86fcc100d199df425a3fcaf05 (from https://pypi.python.org/simple/paramiko/), version 1.6.2 doesn't match >=1.10,<2.0
  Ignoring link https://pypi.python.org/packages/4d/66/6505b634349a6d733e934baba9b67bc1ae20831f3674e70c7f50370f3e70/paramiko-1.6.3.zip#md5=5b3269d7cbc724fd86dc21d412f05edc (from https://pypi.python.org/simple/paramiko/), version 1.6.3 doesn't match >=1.10,<2.0
  Ignoring link https://pypi.python.org/packages/52/20/5df1edb2754f14b7e09e3fe3718c4610dc0f904ae0c492ff19538ab9132f/paramiko-0.9-gyarados.zip#md5=5619cb4035cacc20a9f8cf4be1eb90a8 (from https://pypi.python.org/simple/paramiko/), version 0.9-gyarados doesn't match >=1.10,<2.0
  Ignoring link https://pypi.python.org/packages/59/ce/c168a8d695d95e804239a670fa34683598fa09e2323e6a9f69e23292c0b5/paramiko-1.7.zip#md5=11eb2a8688c6719a24a01f82153ffe4e (from https://pypi.python.org/simple/paramiko/), version 1.7 doesn't match >=1.10,<2.0
  Ignoring link https://pypi.python.org/packages/75/96/dd7e8bf05446ad62e270107d90e520fff6bca8249201992ece283ea9ae38/paramiko-1.5.2.zip#md5=e9150f837a00fb95847657684873f201 (from https://pypi.python.org/simple/paramiko/), version 1.5.2 doesn't match >=1.10,<2.0
  Ignoring link https://pypi.python.org/packages/dd/48/5bd31bb830f41ea6896437b9af11359d7b0258db07beabaa81aad14fe714/paramiko-0.9-ivysaur.zip#md5=7dca2bd69afd0108757390ee1d547448 (from https://pypi.python.org/simple/paramiko/), version 0.9-ivysaur doesn't match >=1.10,<2.0
  Ignoring link https://pypi.python.org/packages/e6/83/80883dbee80f8c6df63e9d93c133cc4fe6a70ebdc6fee265dec371afa583/paramiko-1.6.1.zip#md5=8dbd556c0f6c8bb8bf8b97f0e05a910e (from https://pypi.python.org/simple/paramiko/), version 1.6.1 doesn't match >=1.10,<2.0
  Ignoring link https://pypi.python.org/packages/source/p/paramiko/paramiko-0.1-bulbasaur.zip#md5=e32431cd7649146dca5861bce306e56b (from https://pypi.python.org/simple/paramiko/), version 0.1-bulbasaur doesn't match >=1.10,<2.0
  Ignoring link https://pypi.python.org/packages/source/p/paramiko/paramiko-0.1-charmander.zip#md5=f7a14837f49d5870f1b7ebf957cbee17 (from https://pypi.python.org/simple/paramiko/), version 0.1-charmander doesn't match >=1.10,<2.0
  Ignoring link https://pypi.python.org/packages/source/p/paramiko/paramiko-0.9-doduo.zip#md5=8f26db8130f90e64b139277fa9b2653e (from https://pypi.python.org/simple/paramiko/), version 0.9-doduo doesn't match >=1.10,<2.0
  Ignoring link https://pypi.python.org/packages/source/p/paramiko/paramiko-0.9-eevee.zip#md5=4688a6f60339021ba5c71e017abcbcf5 (from https://pypi.python.org/simple/paramiko/), version 0.9-eevee doesn't match >=1.10,<2.0
  Ignoring link https://pypi.python.org/packages/source/p/paramiko/paramiko-0.9-fearow.zip#md5=69dc72434f88381c6d03d43082db511e (from https://pypi.python.org/simple/paramiko/), version 0.9-fearow doesn't match >=1.10,<2.0
  Ignoring link https://pypi.python.org/packages/source/p/paramiko/paramiko-0.9-horsea.zip#md5=3b5730be2e84ba13c8945bdb75e73e13 (from https://pypi.python.org/simple/paramiko/), version 0.9-horsea doesn't match >=1.10,<2.0
  Ignoring link https://pypi.python.org/packages/source/p/paramiko/paramiko-1.0.zip#md5=9b2487ac9fc4778603a80aeac6cc9bbf (from https://pypi.python.org/simple/paramiko/), version 1.0 doesn't match >=1.10,<2.0
  Ignoring link https://pypi.python.org/packages/source/p/paramiko/paramiko-1.1.zip#md5=916b9337e5557245d5b9ce85bca9d9d3 (from https://pypi.python.org/simple/paramiko/), version 1.1 doesn't match >=1.10,<2.0
  Ignoring link https://pypi.python.org/packages/source/p/paramiko/paramiko-1.2.zip#md5=b66e9d9bf666b2d94796c23a6c800994 (from https://pypi.python.org/simple/paramiko/), version 1.2 doesn't match >=1.10,<2.0
  Ignoring link https://pypi.python.org/packages/source/p/paramiko/paramiko-1.3.1.zip#md5=804c1277a512b97aa277a863fb044f69 (from https://pypi.python.org/simple/paramiko/), version 1.3.1 doesn't match >=1.10,<2.0
  Ignoring link https://pypi.python.org/packages/source/p/paramiko/paramiko-1.3.zip#md5=7c83f8312d35e84f80899b81b4368e81 (from https://pypi.python.org/simple/paramiko/), version 1.3 doesn't match >=1.10,<2.0
  Ignoring link https://pypi.python.org/packages/source/p/paramiko/paramiko-1.4.zip#md5=58d5f189c5325b925ed06ab4308f829c (from https://pypi.python.org/simple/paramiko/), version 1.4 doesn't match >=1.10,<2.0
  Ignoring link https://pypi.python.org/packages/source/p/paramiko/paramiko-1.5.1.zip#md5=110e84152106ee7f465582350571cc60 (from https://pypi.python.org/simple/paramiko/), version 1.5.1 doesn't match >=1.10,<2.0
  Ignoring link https://pypi.python.org/packages/source/p/paramiko/paramiko-1.5.4.zip#md5=a580fab7d295e7c731d0c270465d9560 (from https://pypi.python.org/simple/paramiko/), version 1.5.4 doesn't match >=1.10,<2.0
  Ignoring link https://pypi.python.org/packages/source/p/paramiko/paramiko-1.6.4.zip#md5=ab390b2b11ce782063bffdc97be8ab0c (from https://pypi.python.org/simple/paramiko/), version 1.6.4 doesn't match >=1.10,<2.0
  Ignoring link https://pypi.python.org/packages/source/p/paramiko/paramiko-1.6.zip#md5=07c69af81962243907133ed02741b0c6 (from https://pypi.python.org/simple/paramiko/), version 1.6 doesn't match >=1.10,<2.0
  Ignoring link https://pypi.python.org/packages/source/p/paramiko/paramiko-1.7.1.zip#md5=f242d6589c9b5106cd517f9d41a3468c (from https://pypi.python.org/simple/paramiko/), version 1.7.1 doesn't match >=1.10,<2.0
  Ignoring link https://pypi.python.org/packages/source/p/paramiko/paramiko-1.7.2.zip#md5=bf7268a722d5760149fb9dfc1432a6a6 (from https://pypi.python.org/simple/paramiko/), version 1.7.2 doesn't match >=1.10,<2.0
  Ignoring link https://pypi.python.org/packages/source/p/paramiko/paramiko-1.7.4.tar.gz#md5=23061d68bbcb68dbcc8afbe4cb034f62 (from https://pypi.python.org/simple/paramiko/), version 1.7.4 doesn't match >=1.10,<2.0
  Ignoring link https://pypi.python.org/packages/source/p/paramiko/paramiko-1.7.5.zip#md5=684dd033b7b84bedf06360ecb8983654 (from https://pypi.python.org/simple/paramiko/), version 1.7.5 doesn't match >=1.10,<2.0
  Ignoring link https://pypi.python.org/packages/source/p/paramiko/paramiko-1.7.6.zip#md5=b1cfe0cd55772115f808a11c1baba8a0 (from https://pypi.python.org/simple/paramiko/), version 1.7.6 doesn't match >=1.10,<2.0
  Ignoring link https://pypi.python.org/packages/source/p/paramiko/paramiko-1.7.7.1.zip#md5=4a9d3bab15a0cbf8b0b828aefd395993 (from https://pypi.python.org/simple/paramiko/), version 1.7.7.1 doesn't match >=1.10,<2.0
  Ignoring link https://pypi.python.org/packages/source/p/paramiko/paramiko-1.7.7.2.zip#md5=f6b2dc341ee62c30574570182b7a5744 (from https://pypi.python.org/simple/paramiko/), version 1.7.7.2 doesn't match >=1.10,<2.0
  Ignoring link https://pypi.python.org/packages/source/p/paramiko/paramiko-1.8.0.tar.gz#md5=a4401dba9bbf71b056244481d2d3b16a (from https://pypi.python.org/simple/paramiko/), version 1.8.0 doesn't match >=1.10,<2.0
  Ignoring link https://pypi.python.org/packages/source/p/paramiko/paramiko-1.8.1.tar.gz#md5=bc2a5b7b4a7f80eed0172b8dc5519df1 (from https://pypi.python.org/simple/paramiko/), version 1.8.1 doesn't match >=1.10,<2.0
  Ignoring link https://pypi.python.org/packages/source/p/paramiko/paramiko-1.9.0.tar.gz#md5=b78472021ff6586dd61ad6972032f54f (from https://pypi.python.org/simple/paramiko/), version 1.9.0 doesn't match >=1.10,<2.0
  Using version 1.16.0 (newest of versions: 1.16.0, 1.16.0, 1.15.4, 1.15.4, 1.15.3, 1.15.3, 1.15.2, 1.15.2, 1.15.1, 1.15.1, 1.15.0, 1.15.0, 1.14.3, 1.14.3, 1.14.2, 1.14.2, 1.14.1, 1.14.1, 1.14.0, 1.14.0, 1.13.4, 1.13.4, 1.13.3, 1.13.3, 1.13.2, 1.13.2, 1.13.1, 1.13.1, 1.13.0, 1.12.4, 1.12.3, 1.12.2, 1.12.1, 1.12.0, 1.11.6, 1.11.5, 1.11.4, 1.11.3, 1.11.2, 1.11.1, 1.11.0, 1.10.7, 1.10.6, 1.10.5, 1.10.4, 1.10.3, 1.10.2, 1.10.1, 1.10.0)
  Downloading from URL https://pypi.python.org/packages/py2.py3/p/paramiko/paramiko-1.16.0-py2.py3-none-any.whl#md5=06ad3fae3fae7718d7055b733a28ba21 (from https://pypi.python.org/simple/paramiko/)
Downloading/unpacking pycrypto>=2.1,!=2.4 (from paramiko>=1.10,<2.0->fabric)
  Getting page https://pypi.python.org/simple/pycrypto/
  URLs to search for versions for pycrypto>=2.1,!=2.4 (from paramiko>=1.10,<2.0->fabric):
  * https://pypi.python.org/simple/pycrypto/
  Analyzing links from page https://pypi.python.org/simple/pycrypto/
    Found link https://pypi.python.org/packages/45/2f/ac98e6b42570d4f04e5b347cbecde0664c8b672aabf626485f215182ddd7/pycrypto-2.3.tar.gz#md5=2b811cfbfc342d83ee614097effb8101 (from https://pypi.python.org/simple/pycrypto/), version: 2.3
    Found link https://pypi.python.org/packages/45/2f/e203759a099d002ef3b96f1e497d6d1b8ab56df695af8808f88bb7eff18b/pycrypto-2.4.tar.gz#md5=274fa44c30a320d56460a93fdd95e702 (from https://pypi.python.org/simple/pycrypto/), version: 2.4
    Found link https://pypi.python.org/packages/source/p/pycrypto/pycrypto-2.0.1.tar.gz#md5=4d5674f3898a573691ffb335e8d749cd (from https://pypi.python.org/simple/pycrypto/), version: 2.0.1
    Found link https://pypi.python.org/packages/source/p/pycrypto/pycrypto-2.1.0.tar.gz#md5=1d3eb04f06e6f09a080bc37fb019f9bf (from https://pypi.python.org/simple/pycrypto/), version: 2.1.0
    Found link https://pypi.python.org/packages/source/p/pycrypto/pycrypto-2.2.tar.gz#md5=4f0ed728b14b98f09120cb2ec461ec98 (from https://pypi.python.org/simple/pycrypto/), version: 2.2
    Found link https://pypi.python.org/packages/source/p/pycrypto/pycrypto-2.4.1.tar.gz#md5=c2a1404a848797fb0806f3e11c29ef15 (from https://pypi.python.org/simple/pycrypto/), version: 2.4.1
    Found link https://pypi.python.org/packages/source/p/pycrypto/pycrypto-2.5.tar.gz#md5=783e45d4a1a309e03ab378b00f97b291 (from https://pypi.python.org/simple/pycrypto/), version: 2.5
    Found link https://pypi.python.org/packages/source/p/pycrypto/pycrypto-2.6.1.tar.gz#md5=55a61a054aa66812daf5161a0d5d7eda (from https://pypi.python.org/simple/pycrypto/), version: 2.6.1
    Found link https://pypi.python.org/packages/source/p/pycrypto/pycrypto-2.6.tar.gz#md5=88dad0a270d1fe83a39e0467a66a22bb (from https://pypi.python.org/simple/pycrypto/), version: 2.6
  Ignoring link https://pypi.python.org/packages/45/2f/e203759a099d002ef3b96f1e497d6d1b8ab56df695af8808f88bb7eff18b/pycrypto-2.4.tar.gz#md5=274fa44c30a320d56460a93fdd95e702 (from https://pypi.python.org/simple/pycrypto/), version 2.4 doesn't match >=2.1,!=2.4
  Ignoring link https://pypi.python.org/packages/source/p/pycrypto/pycrypto-2.0.1.tar.gz#md5=4d5674f3898a573691ffb335e8d749cd (from https://pypi.python.org/simple/pycrypto/), version 2.0.1 doesn't match >=2.1,!=2.4
  Using version 2.6.1 (newest of versions: 2.6.1, 2.6, 2.5, 2.4.1, 2.3, 2.2, 2.1.0)
  Downloading from URL https://pypi.python.org/packages/source/p/pycrypto/pycrypto-2.6.1.tar.gz#md5=55a61a054aa66812daf5161a0d5d7eda (from https://pypi.python.org/simple/pycrypto/)
  Running setup.py (path:/tmp/pip_build_root/pycrypto/setup.py) egg_info for package pycrypto
    running egg_info
    creating pip-egg-info/pycrypto.egg-info
    writing pip-egg-info/pycrypto.egg-info/PKG-INFO
    writing top-level names to pip-egg-info/pycrypto.egg-info/top_level.txt
    writing dependency_links to pip-egg-info/pycrypto.egg-info/dependency_links.txt
    writing manifest file 'pip-egg-info/pycrypto.egg-info/SOURCES.txt'
    warning: manifest_maker: standard file '-c' not found
    
    reading manifest file 'pip-egg-info/pycrypto.egg-info/SOURCES.txt'
    reading manifest template 'MANIFEST.in'
    writing manifest file 'pip-egg-info/pycrypto.egg-info/SOURCES.txt'
  Source in /tmp/pip_build_root/pycrypto has version 2.6.1, which satisfies requirement pycrypto>=2.1,!=2.4 (from paramiko>=1.10,<2.0->fabric)
Downloading/unpacking ecdsa>=0.11 (from paramiko>=1.10,<2.0->fabric)
  Getting page https://pypi.python.org/simple/ecdsa/
  URLs to search for versions for ecdsa>=0.11 (from paramiko>=1.10,<2.0->fabric):
  * https://pypi.python.org/simple/ecdsa/
  Analyzing links from page https://pypi.python.org/simple/ecdsa/
    Found link https://pypi.python.org/packages/63/f4/73669d51825516ce8c43b816c0a6b64cd6eb71d08b99820c00792cb42222/ecdsa-0.13-py2.py3-none-any.whl#md5=a325d50195d049599f9b578ec4417bc6 (from https://pypi.python.org/simple/ecdsa/), version: 0.13
    Found link https://pypi.python.org/packages/6c/3f/92fe5dcdcaa7bd117be21e5520c9a54375112b66ec000d209e9e9519fad1/ecdsa-0.11.tar.gz#md5=8ef586fe4dbb156697d756900cb41d7c (from https://pypi.python.org/simple/ecdsa/), version: 0.11
    Found link https://pypi.python.org/packages/8d/b5/4956a11caa082de8b1f54d4bf0bd7e90076154c1dba152db58f79f2b638c/ecdsa-0.9.tar.gz#md5=2b9c35245ce391d6b7d8f991aad5c630 (from https://pypi.python.org/simple/ecdsa/), version: 0.9
    Found link https://pypi.python.org/packages/fb/56/2d9097441b091c6ff1a7996cf1d47f1913924ee9cb756cc3c6665f220cb3/ecdsa-0.12-py2.py3-none-any.whl#md5=553233ea1ab15a601dbe7ab69f641375 (from https://pypi.python.org/simple/ecdsa/), version: 0.12
    Found link https://pypi.python.org/packages/source/e/ecdsa/ecdsa-0.10.tar.gz#md5=e95941b3bcbf1726472bb724d7478551 (from https://pypi.python.org/simple/ecdsa/), version: 0.10
    Found link https://pypi.python.org/packages/source/e/ecdsa/ecdsa-0.12.tar.gz#md5=c3a4f41156392f71e0c790e497dae8b5 (from https://pypi.python.org/simple/ecdsa/), version: 0.12
    Found link https://pypi.python.org/packages/source/e/ecdsa/ecdsa-0.13.tar.gz#md5=1f60eda9cb5c46722856db41a3ae6670 (from https://pypi.python.org/simple/ecdsa/), version: 0.13
    Found link https://pypi.python.org/packages/source/e/ecdsa/ecdsa-0.6.tar.gz#md5=7a4750df7b7b5147a78a69ff92056ead (from https://pypi.python.org/simple/ecdsa/), version: 0.6
    Found link https://pypi.python.org/packages/source/e/ecdsa/ecdsa-0.7.tar.gz#md5=cdf12b87e2f3cd96bac221b87a8eee52 (from https://pypi.python.org/simple/ecdsa/), version: 0.7
    Found link https://pypi.python.org/packages/source/e/ecdsa/ecdsa-0.8.tar.gz#md5=a3575705afb24d7cbc1694960d3965b1 (from https://pypi.python.org/simple/ecdsa/), version: 0.8
  Ignoring link https://pypi.python.org/packages/8d/b5/4956a11caa082de8b1f54d4bf0bd7e90076154c1dba152db58f79f2b638c/ecdsa-0.9.tar.gz#md5=2b9c35245ce391d6b7d8f991aad5c630 (from https://pypi.python.org/simple/ecdsa/), version 0.9 doesn't match >=0.11
  Ignoring link https://pypi.python.org/packages/source/e/ecdsa/ecdsa-0.10.tar.gz#md5=e95941b3bcbf1726472bb724d7478551 (from https://pypi.python.org/simple/ecdsa/), version 0.10 doesn't match >=0.11
  Ignoring link https://pypi.python.org/packages/source/e/ecdsa/ecdsa-0.6.tar.gz#md5=7a4750df7b7b5147a78a69ff92056ead (from https://pypi.python.org/simple/ecdsa/), version 0.6 doesn't match >=0.11
  Ignoring link https://pypi.python.org/packages/source/e/ecdsa/ecdsa-0.7.tar.gz#md5=cdf12b87e2f3cd96bac221b87a8eee52 (from https://pypi.python.org/simple/ecdsa/), version 0.7 doesn't match >=0.11
  Ignoring link https://pypi.python.org/packages/source/e/ecdsa/ecdsa-0.8.tar.gz#md5=a3575705afb24d7cbc1694960d3965b1 (from https://pypi.python.org/simple/ecdsa/), version 0.8 doesn't match >=0.11
  Using version 0.13 (newest of versions: 0.13, 0.13, 0.12, 0.12, 0.11)
  Downloading from URL https://pypi.python.org/packages/63/f4/73669d51825516ce8c43b816c0a6b64cd6eb71d08b99820c00792cb42222/ecdsa-0.13-py2.py3-none-any.whl#md5=a325d50195d049599f9b578ec4417bc6 (from https://pypi.python.org/simple/ecdsa/)
Installing collected packages: fabric, paramiko, pycrypto, ecdsa
  Running setup.py install for pycrypto
    Running command /usr/bin/python -c "import setuptools, tokenize;__file__='/tmp/pip_build_root/pycrypto/setup.py';exec(compile(getattr(tokenize, 'open', open)(__file__).read().replace('\r\n', '\n'), __file__, 'exec'))" install --record /tmp/pip-znP3Hu-record/install-record.txt --single-version-externally-managed --compile
    running install
    running build
    running build_py
    creating build
    creating build/lib.linux-x86_64-2.7
    creating build/lib.linux-x86_64-2.7/Crypto
    copying lib/Crypto/pct_warnings.py -> build/lib.linux-x86_64-2.7/Crypto
    copying lib/Crypto/__init__.py -> build/lib.linux-x86_64-2.7/Crypto
    creating build/lib.linux-x86_64-2.7/Crypto/Hash
    copying lib/Crypto/Hash/SHA512.py -> build/lib.linux-x86_64-2.7/Crypto/Hash
    copying lib/Crypto/Hash/hashalgo.py -> build/lib.linux-x86_64-2.7/Crypto/Hash
    copying lib/Crypto/Hash/MD4.py -> build/lib.linux-x86_64-2.7/Crypto/Hash
    copying lib/Crypto/Hash/SHA256.py -> build/lib.linux-x86_64-2.7/Crypto/Hash
    copying lib/Crypto/Hash/RIPEMD.py -> build/lib.linux-x86_64-2.7/Crypto/Hash
    copying lib/Crypto/Hash/SHA.py -> build/lib.linux-x86_64-2.7/Crypto/Hash
    copying lib/Crypto/Hash/HMAC.py -> build/lib.linux-x86_64-2.7/Crypto/Hash
    copying lib/Crypto/Hash/SHA384.py -> build/lib.linux-x86_64-2.7/Crypto/Hash
    copying lib/Crypto/Hash/__init__.py -> build/lib.linux-x86_64-2.7/Crypto/Hash
    copying lib/Crypto/Hash/MD2.py -> build/lib.linux-x86_64-2.7/Crypto/Hash
    copying lib/Crypto/Hash/SHA224.py -> build/lib.linux-x86_64-2.7/Crypto/Hash
    copying lib/Crypto/Hash/MD5.py -> build/lib.linux-x86_64-2.7/Crypto/Hash
    creating build/lib.linux-x86_64-2.7/Crypto/Cipher
    copying lib/Crypto/Cipher/PKCS1_OAEP.py -> build/lib.linux-x86_64-2.7/Crypto/Cipher
    copying lib/Crypto/Cipher/DES3.py -> build/lib.linux-x86_64-2.7/Crypto/Cipher
    copying lib/Crypto/Cipher/PKCS1_v1_5.py -> build/lib.linux-x86_64-2.7/Crypto/Cipher
    copying lib/Crypto/Cipher/AES.py -> build/lib.linux-x86_64-2.7/Crypto/Cipher
    copying lib/Crypto/Cipher/ARC2.py -> build/lib.linux-x86_64-2.7/Crypto/Cipher
    copying lib/Crypto/Cipher/Blowfish.py -> build/lib.linux-x86_64-2.7/Crypto/Cipher
    copying lib/Crypto/Cipher/__init__.py -> build/lib.linux-x86_64-2.7/Crypto/Cipher
    copying lib/Crypto/Cipher/ARC4.py -> build/lib.linux-x86_64-2.7/Crypto/Cipher
    copying lib/Crypto/Cipher/DES.py -> build/lib.linux-x86_64-2.7/Crypto/Cipher
    copying lib/Crypto/Cipher/CAST.py -> build/lib.linux-x86_64-2.7/Crypto/Cipher
    copying lib/Crypto/Cipher/blockalgo.py -> build/lib.linux-x86_64-2.7/Crypto/Cipher
    copying lib/Crypto/Cipher/XOR.py -> build/lib.linux-x86_64-2.7/Crypto/Cipher
    creating build/lib.linux-x86_64-2.7/Crypto/Util
    copying lib/Crypto/Util/randpool.py -> build/lib.linux-x86_64-2.7/Crypto/Util
    copying lib/Crypto/Util/py21compat.py -> build/lib.linux-x86_64-2.7/Crypto/Util
    copying lib/Crypto/Util/Counter.py -> build/lib.linux-x86_64-2.7/Crypto/Util
    copying lib/Crypto/Util/number.py -> build/lib.linux-x86_64-2.7/Crypto/Util
    copying lib/Crypto/Util/winrandom.py -> build/lib.linux-x86_64-2.7/Crypto/Util
    copying lib/Crypto/Util/asn1.py -> build/lib.linux-x86_64-2.7/Crypto/Util
    copying lib/Crypto/Util/_number_new.py -> build/lib.linux-x86_64-2.7/Crypto/Util
    copying lib/Crypto/Util/__init__.py -> build/lib.linux-x86_64-2.7/Crypto/Util
    copying lib/Crypto/Util/py3compat.py -> build/lib.linux-x86_64-2.7/Crypto/Util
    copying lib/Crypto/Util/RFC1751.py -> build/lib.linux-x86_64-2.7/Crypto/Util
    creating build/lib.linux-x86_64-2.7/Crypto/Random
    copying lib/Crypto/Random/_UserFriendlyRNG.py -> build/lib.linux-x86_64-2.7/Crypto/Random
    copying lib/Crypto/Random/random.py -> build/lib.linux-x86_64-2.7/Crypto/Random
    copying lib/Crypto/Random/__init__.py -> build/lib.linux-x86_64-2.7/Crypto/Random
    creating build/lib.linux-x86_64-2.7/Crypto/Random/Fortuna
    copying lib/Crypto/Random/Fortuna/FortunaAccumulator.py -> build/lib.linux-x86_64-2.7/Crypto/Random/Fortuna
    copying lib/Crypto/Random/Fortuna/SHAd256.py -> build/lib.linux-x86_64-2.7/Crypto/Random/Fortuna
    copying lib/Crypto/Random/Fortuna/__init__.py -> build/lib.linux-x86_64-2.7/Crypto/Random/Fortuna
    copying lib/Crypto/Random/Fortuna/FortunaGenerator.py -> build/lib.linux-x86_64-2.7/Crypto/Random/Fortuna
    creating build/lib.linux-x86_64-2.7/Crypto/Random/OSRNG
    copying lib/Crypto/Random/OSRNG/rng_base.py -> build/lib.linux-x86_64-2.7/Crypto/Random/OSRNG
    copying lib/Crypto/Random/OSRNG/posix.py -> build/lib.linux-x86_64-2.7/Crypto/Random/OSRNG
    copying lib/Crypto/Random/OSRNG/__init__.py -> build/lib.linux-x86_64-2.7/Crypto/Random/OSRNG
    copying lib/Crypto/Random/OSRNG/fallback.py -> build/lib.linux-x86_64-2.7/Crypto/Random/OSRNG
    copying lib/Crypto/Random/OSRNG/nt.py -> build/lib.linux-x86_64-2.7/Crypto/Random/OSRNG
    creating build/lib.linux-x86_64-2.7/Crypto/SelfTest
    copying lib/Crypto/SelfTest/__init__.py -> build/lib.linux-x86_64-2.7/Crypto/SelfTest
    copying lib/Crypto/SelfTest/st_common.py -> build/lib.linux-x86_64-2.7/Crypto/SelfTest
    creating build/lib.linux-x86_64-2.7/Crypto/SelfTest/Cipher
    copying lib/Crypto/SelfTest/Cipher/test_ARC2.py -> build/lib.linux-x86_64-2.7/Crypto/SelfTest/Cipher
    copying lib/Crypto/SelfTest/Cipher/test_DES3.py -> build/lib.linux-x86_64-2.7/Crypto/SelfTest/Cipher
    copying lib/Crypto/SelfTest/Cipher/test_AES.py -> build/lib.linux-x86_64-2.7/Crypto/SelfTest/Cipher
    copying lib/Crypto/SelfTest/Cipher/test_XOR.py -> build/lib.linux-x86_64-2.7/Crypto/SelfTest/Cipher
    copying lib/Crypto/SelfTest/Cipher/test_CAST.py -> build/lib.linux-x86_64-2.7/Crypto/SelfTest/Cipher
    copying lib/Crypto/SelfTest/Cipher/test_DES.py -> build/lib.linux-x86_64-2.7/Crypto/SelfTest/Cipher
    copying lib/Crypto/SelfTest/Cipher/__init__.py -> build/lib.linux-x86_64-2.7/Crypto/SelfTest/Cipher
    copying lib/Crypto/SelfTest/Cipher/common.py -> build/lib.linux-x86_64-2.7/Crypto/SelfTest/Cipher
    copying lib/Crypto/SelfTest/Cipher/test_Blowfish.py -> build/lib.linux-x86_64-2.7/Crypto/SelfTest/Cipher
    copying lib/Crypto/SelfTest/Cipher/test_pkcs1_oaep.py -> build/lib.linux-x86_64-2.7/Crypto/SelfTest/Cipher
    copying lib/Crypto/SelfTest/Cipher/test_ARC4.py -> build/lib.linux-x86_64-2.7/Crypto/SelfTest/Cipher
    copying lib/Crypto/SelfTest/Cipher/test_pkcs1_15.py -> build/lib.linux-x86_64-2.7/Crypto/SelfTest/Cipher
    creating build/lib.linux-x86_64-2.7/Crypto/SelfTest/Hash
    copying lib/Crypto/SelfTest/Hash/test_MD4.py -> build/lib.linux-x86_64-2.7/Crypto/SelfTest/Hash
    copying lib/Crypto/SelfTest/Hash/test_SHA512.py -> build/lib.linux-x86_64-2.7/Crypto/SelfTest/Hash
    copying lib/Crypto/SelfTest/Hash/test_SHA384.py -> build/lib.linux-x86_64-2.7/Crypto/SelfTest/Hash
    copying lib/Crypto/SelfTest/Hash/test_HMAC.py -> build/lib.linux-x86_64-2.7/Crypto/SelfTest/Hash
    copying lib/Crypto/SelfTest/Hash/test_MD2.py -> build/lib.linux-x86_64-2.7/Crypto/SelfTest/Hash
    copying lib/Crypto/SelfTest/Hash/test_SHA224.py -> build/lib.linux-x86_64-2.7/Crypto/SelfTest/Hash
    copying lib/Crypto/SelfTest/Hash/__init__.py -> build/lib.linux-x86_64-2.7/Crypto/SelfTest/Hash
    copying lib/Crypto/SelfTest/Hash/test_RIPEMD.py -> build/lib.linux-x86_64-2.7/Crypto/SelfTest/Hash
    copying lib/Crypto/SelfTest/Hash/test_MD5.py -> build/lib.linux-x86_64-2.7/Crypto/SelfTest/Hash
    copying lib/Crypto/SelfTest/Hash/test_SHA256.py -> build/lib.linux-x86_64-2.7/Crypto/SelfTest/Hash
    copying lib/Crypto/SelfTest/Hash/common.py -> build/lib.linux-x86_64-2.7/Crypto/SelfTest/Hash
    copying lib/Crypto/SelfTest/Hash/test_SHA.py -> build/lib.linux-x86_64-2.7/Crypto/SelfTest/Hash
    creating build/lib.linux-x86_64-2.7/Crypto/SelfTest/Protocol
    copying lib/Crypto/SelfTest/Protocol/test_chaffing.py -> build/lib.linux-x86_64-2.7/Crypto/SelfTest/Protocol
    copying lib/Crypto/SelfTest/Protocol/test_rfc1751.py -> build/lib.linux-x86_64-2.7/Crypto/SelfTest/Protocol
    copying lib/Crypto/SelfTest/Protocol/__init__.py -> build/lib.linux-x86_64-2.7/Crypto/SelfTest/Protocol
    copying lib/Crypto/SelfTest/Protocol/test_KDF.py -> build/lib.linux-x86_64-2.7/Crypto/SelfTest/Protocol
    copying lib/Crypto/SelfTest/Protocol/test_AllOrNothing.py -> build/lib.linux-x86_64-2.7/Crypto/SelfTest/Protocol
    creating build/lib.linux-x86_64-2.7/Crypto/SelfTest/PublicKey
    copying lib/Crypto/SelfTest/PublicKey/test_ElGamal.py -> build/lib.linux-x86_64-2.7/Crypto/SelfTest/PublicKey
    copying lib/Crypto/SelfTest/PublicKey/test_RSA.py -> build/lib.linux-x86_64-2.7/Crypto/SelfTest/PublicKey
    copying lib/Crypto/SelfTest/PublicKey/test_importKey.py -> build/lib.linux-x86_64-2.7/Crypto/SelfTest/PublicKey
    copying lib/Crypto/SelfTest/PublicKey/__init__.py -> build/lib.linux-x86_64-2.7/Crypto/SelfTest/PublicKey
    copying lib/Crypto/SelfTest/PublicKey/test_DSA.py -> build/lib.linux-x86_64-2.7/Crypto/SelfTest/PublicKey
    creating build/lib.linux-x86_64-2.7/Crypto/SelfTest/Random
    copying lib/Crypto/SelfTest/Random/test_rpoolcompat.py -> build/lib.linux-x86_64-2.7/Crypto/SelfTest/Random
    copying lib/Crypto/SelfTest/Random/__init__.py -> build/lib.linux-x86_64-2.7/Crypto/SelfTest/Random
    copying lib/Crypto/SelfTest/Random/test_random.py -> build/lib.linux-x86_64-2.7/Crypto/SelfTest/Random
    copying lib/Crypto/SelfTest/Random/test__UserFriendlyRNG.py -> build/lib.linux-x86_64-2.7/Crypto/SelfTest/Random
    creating build/lib.linux-x86_64-2.7/Crypto/SelfTest/Random/Fortuna
    copying lib/Crypto/SelfTest/Random/Fortuna/test_FortunaAccumulator.py -> build/lib.linux-x86_64-2.7/Crypto/SelfTest/Random/Fortuna
    copying lib/Crypto/SelfTest/Random/Fortuna/test_FortunaGenerator.py -> build/lib.linux-x86_64-2.7/Crypto/SelfTest/Random/Fortuna
    copying lib/Crypto/SelfTest/Random/Fortuna/test_SHAd256.py -> build/lib.linux-x86_64-2.7/Crypto/SelfTest/Random/Fortuna
    copying lib/Crypto/SelfTest/Random/Fortuna/__init__.py -> build/lib.linux-x86_64-2.7/Crypto/SelfTest/Random/Fortuna
    creating build/lib.linux-x86_64-2.7/Crypto/SelfTest/Random/OSRNG
    copying lib/Crypto/SelfTest/Random/OSRNG/test_nt.py -> build/lib.linux-x86_64-2.7/Crypto/SelfTest/Random/OSRNG
    copying lib/Crypto/SelfTest/Random/OSRNG/test_winrandom.py -> build/lib.linux-x86_64-2.7/Crypto/SelfTest/Random/OSRNG
    copying lib/Crypto/SelfTest/Random/OSRNG/test_generic.py -> build/lib.linux-x86_64-2.7/Crypto/SelfTest/Random/OSRNG
    copying lib/Crypto/SelfTest/Random/OSRNG/test_fallback.py -> build/lib.linux-x86_64-2.7/Crypto/SelfTest/Random/OSRNG
    copying lib/Crypto/SelfTest/Random/OSRNG/__init__.py -> build/lib.linux-x86_64-2.7/Crypto/SelfTest/Random/OSRNG
    copying lib/Crypto/SelfTest/Random/OSRNG/test_posix.py -> build/lib.linux-x86_64-2.7/Crypto/SelfTest/Random/OSRNG
    creating build/lib.linux-x86_64-2.7/Crypto/SelfTest/Util
    copying lib/Crypto/SelfTest/Util/test_asn1.py -> build/lib.linux-x86_64-2.7/Crypto/SelfTest/Util
    copying lib/Crypto/SelfTest/Util/test_winrandom.py -> build/lib.linux-x86_64-2.7/Crypto/SelfTest/Util
    copying lib/Crypto/SelfTest/Util/test_Counter.py -> build/lib.linux-x86_64-2.7/Crypto/SelfTest/Util
    copying lib/Crypto/SelfTest/Util/__init__.py -> build/lib.linux-x86_64-2.7/Crypto/SelfTest/Util
    copying lib/Crypto/SelfTest/Util/test_number.py -> build/lib.linux-x86_64-2.7/Crypto/SelfTest/Util
    creating build/lib.linux-x86_64-2.7/Crypto/SelfTest/Signature
    copying lib/Crypto/SelfTest/Signature/test_pkcs1_pss.py -> build/lib.linux-x86_64-2.7/Crypto/SelfTest/Signature
    copying lib/Crypto/SelfTest/Signature/__init__.py -> build/lib.linux-x86_64-2.7/Crypto/SelfTest/Signature
    copying lib/Crypto/SelfTest/Signature/test_pkcs1_15.py -> build/lib.linux-x86_64-2.7/Crypto/SelfTest/Signature
    creating build/lib.linux-x86_64-2.7/Crypto/Protocol
    copying lib/Crypto/Protocol/AllOrNothing.py -> build/lib.linux-x86_64-2.7/Crypto/Protocol
    copying lib/Crypto/Protocol/__init__.py -> build/lib.linux-x86_64-2.7/Crypto/Protocol
    copying lib/Crypto/Protocol/KDF.py -> build/lib.linux-x86_64-2.7/Crypto/Protocol
    copying lib/Crypto/Protocol/Chaffing.py -> build/lib.linux-x86_64-2.7/Crypto/Protocol
    creating build/lib.linux-x86_64-2.7/Crypto/PublicKey
    copying lib/Crypto/PublicKey/ElGamal.py -> build/lib.linux-x86_64-2.7/Crypto/PublicKey
    copying lib/Crypto/PublicKey/_slowmath.py -> build/lib.linux-x86_64-2.7/Crypto/PublicKey
    copying lib/Crypto/PublicKey/RSA.py -> build/lib.linux-x86_64-2.7/Crypto/PublicKey
    copying lib/Crypto/PublicKey/_RSA.py -> build/lib.linux-x86_64-2.7/Crypto/PublicKey
    copying lib/Crypto/PublicKey/pubkey.py -> build/lib.linux-x86_64-2.7/Crypto/PublicKey
    copying lib/Crypto/PublicKey/__init__.py -> build/lib.linux-x86_64-2.7/Crypto/PublicKey
    copying lib/Crypto/PublicKey/DSA.py -> build/lib.linux-x86_64-2.7/Crypto/PublicKey
    copying lib/Crypto/PublicKey/_DSA.py -> build/lib.linux-x86_64-2.7/Crypto/PublicKey
    creating build/lib.linux-x86_64-2.7/Crypto/Signature
    copying lib/Crypto/Signature/PKCS1_v1_5.py -> build/lib.linux-x86_64-2.7/Crypto/Signature
    copying lib/Crypto/Signature/__init__.py -> build/lib.linux-x86_64-2.7/Crypto/Signature
    copying lib/Crypto/Signature/PKCS1_PSS.py -> build/lib.linux-x86_64-2.7/Crypto/Signature
    running build_ext
    running build_configure
    checking for gcc... gcc
    checking whether the C compiler works... yes
    checking for C compiler default output file name... a.out
    checking for suffix of executables...
    checking whether we are cross compiling... no
    checking for suffix of object files... o
    checking whether we are using the GNU C compiler... yes
    checking whether gcc accepts -g... yes
    checking for gcc option to accept ISO C89... none needed
    checking for __gmpz_init in -lgmp... no
    checking for __gmpz_init in -lmpir... no
    checking whether mpz_powm is declared... no
    checking whether mpz_powm_sec is declared... no
    checking how to run the C preprocessor... gcc -E
    checking for grep that handles long lines and -e... /bin/grep
    checking for egrep... /bin/grep -E
    checking for ANSI C header files... yes
    checking for sys/types.h... yes
    checking for sys/stat.h... yes
    checking for stdlib.h... yes
    checking for string.h... yes
    checking for memory.h... yes
    checking for strings.h... yes
    checking for inttypes.h... yes
    checking for stdint.h... yes
    checking for unistd.h... yes
    checking for inttypes.h... (cached) yes
    checking limits.h usability... yes
    checking limits.h presence... yes
    checking for limits.h... yes
    checking stddef.h usability... yes
    checking stddef.h presence... yes
    checking for stddef.h... yes
    checking for stdint.h... (cached) yes
    checking for stdlib.h... (cached) yes
    checking for string.h... (cached) yes
    checking wchar.h usability... yes
    checking wchar.h presence... yes
    checking for wchar.h... yes
    checking for inline... inline
    checking for int16_t... yes
    checking for int32_t... yes
    checking for int64_t... yes
    checking for int8_t... yes
    checking for size_t... yes
    checking for uint16_t... yes
    checking for uint32_t... yes
    checking for uint64_t... yes
    checking for uint8_t... yes
    checking for stdlib.h... (cached) yes
    checking for GNU libc compatible malloc... yes
    checking for memmove... yes
    checking for memset... yes
    configure: creating ./config.status
    config.status: creating src/config.h
    warning: GMP or MPIR library not found; Not building Crypto.PublicKey._fastmath.
    building 'Crypto.Hash._MD2' extension
    creating build/temp.linux-x86_64-2.7
    creating build/temp.linux-x86_64-2.7/src
    x86_64-linux-gnu-gcc -pthread -fno-strict-aliasing -fwrapv -Wall -Wstrict-prototypes -fPIC -std=c99 -O3 -fomit-frame-pointer -Isrc/ -I/usr/include/python2.7 -c src/MD2.c -o build/temp.linux-x86_64-2.7/src/MD2.o
    src/MD2.c:31:20: fatal error: Python.h: No such file or directory
     #include "Python.h"
                        ^
    compilation terminated.
    error: command 'x86_64-linux-gnu-gcc' failed with exit status 1
    Complete output from command /usr/bin/python -c "import setuptools, tokenize;__file__='/tmp/pip_build_root/pycrypto/setup.py';exec(compile(getattr(tokenize, 'open', open)(__file__).read().replace('\r\n', '\n'), __file__, 'exec'))" install --record /tmp/pip-znP3Hu-record/install-record.txt --single-version-externally-managed --compile:
    running install

running build

running build_py

creating build

creating build/lib.linux-x86_64-2.7

creating build/lib.linux-x86_64-2.7/Crypto

copying lib/Crypto/pct_warnings.py -> build/lib.linux-x86_64-2.7/Crypto

copying lib/Crypto/__init__.py -> build/lib.linux-x86_64-2.7/Crypto

creating build/lib.linux-x86_64-2.7/Crypto/Hash

copying lib/Crypto/Hash/SHA512.py -> build/lib.linux-x86_64-2.7/Crypto/Hash

copying lib/Crypto/Hash/hashalgo.py -> build/lib.linux-x86_64-2.7/Crypto/Hash

copying lib/Crypto/Hash/MD4.py -> build/lib.linux-x86_64-2.7/Crypto/Hash

copying lib/Crypto/Hash/SHA256.py -> build/lib.linux-x86_64-2.7/Crypto/Hash

copying lib/Crypto/Hash/RIPEMD.py -> build/lib.linux-x86_64-2.7/Crypto/Hash

copying lib/Crypto/Hash/SHA.py -> build/lib.linux-x86_64-2.7/Crypto/Hash

copying lib/Crypto/Hash/HMAC.py -> build/lib.linux-x86_64-2.7/Crypto/Hash

copying lib/Crypto/Hash/SHA384.py -> build/lib.linux-x86_64-2.7/Crypto/Hash

copying lib/Crypto/Hash/__init__.py -> build/lib.linux-x86_64-2.7/Crypto/Hash

copying lib/Crypto/Hash/MD2.py -> build/lib.linux-x86_64-2.7/Crypto/Hash

copying lib/Crypto/Hash/SHA224.py -> build/lib.linux-x86_64-2.7/Crypto/Hash

copying lib/Crypto/Hash/MD5.py -> build/lib.linux-x86_64-2.7/Crypto/Hash

creating build/lib.linux-x86_64-2.7/Crypto/Cipher

copying lib/Crypto/Cipher/PKCS1_OAEP.py -> build/lib.linux-x86_64-2.7/Crypto/Cipher

copying lib/Crypto/Cipher/DES3.py -> build/lib.linux-x86_64-2.7/Crypto/Cipher

copying lib/Crypto/Cipher/PKCS1_v1_5.py -> build/lib.linux-x86_64-2.7/Crypto/Cipher

copying lib/Crypto/Cipher/AES.py -> build/lib.linux-x86_64-2.7/Crypto/Cipher

copying lib/Crypto/Cipher/ARC2.py -> build/lib.linux-x86_64-2.7/Crypto/Cipher

copying lib/Crypto/Cipher/Blowfish.py -> build/lib.linux-x86_64-2.7/Crypto/Cipher

copying lib/Crypto/Cipher/__init__.py -> build/lib.linux-x86_64-2.7/Crypto/Cipher

copying lib/Crypto/Cipher/ARC4.py -> build/lib.linux-x86_64-2.7/Crypto/Cipher

copying lib/Crypto/Cipher/DES.py -> build/lib.linux-x86_64-2.7/Crypto/Cipher

copying lib/Crypto/Cipher/CAST.py -> build/lib.linux-x86_64-2.7/Crypto/Cipher

copying lib/Crypto/Cipher/blockalgo.py -> build/lib.linux-x86_64-2.7/Crypto/Cipher

copying lib/Crypto/Cipher/XOR.py -> build/lib.linux-x86_64-2.7/Crypto/Cipher

creating build/lib.linux-x86_64-2.7/Crypto/Util

copying lib/Crypto/Util/randpool.py -> build/lib.linux-x86_64-2.7/Crypto/Util

copying lib/Crypto/Util/py21compat.py -> build/lib.linux-x86_64-2.7/Crypto/Util

copying lib/Crypto/Util/Counter.py -> build/lib.linux-x86_64-2.7/Crypto/Util

copying lib/Crypto/Util/number.py -> build/lib.linux-x86_64-2.7/Crypto/Util

copying lib/Crypto/Util/winrandom.py -> build/lib.linux-x86_64-2.7/Crypto/Util

copying lib/Crypto/Util/asn1.py -> build/lib.linux-x86_64-2.7/Crypto/Util

copying lib/Crypto/Util/_number_new.py -> build/lib.linux-x86_64-2.7/Crypto/Util

copying lib/Crypto/Util/__init__.py -> build/lib.linux-x86_64-2.7/Crypto/Util

copying lib/Crypto/Util/py3compat.py -> build/lib.linux-x86_64-2.7/Crypto/Util

copying lib/Crypto/Util/RFC1751.py -> build/lib.linux-x86_64-2.7/Crypto/Util

creating build/lib.linux-x86_64-2.7/Crypto/Random

copying lib/Crypto/Random/_UserFriendlyRNG.py -> build/lib.linux-x86_64-2.7/Crypto/Random

copying lib/Crypto/Random/random.py -> build/lib.linux-x86_64-2.7/Crypto/Random

copying lib/Crypto/Random/__init__.py -> build/lib.linux-x86_64-2.7/Crypto/Random

creating build/lib.linux-x86_64-2.7/Crypto/Random/Fortuna

copying lib/Crypto/Random/Fortuna/FortunaAccumulator.py -> build/lib.linux-x86_64-2.7/Crypto/Random/Fortuna

copying lib/Crypto/Random/Fortuna/SHAd256.py -> build/lib.linux-x86_64-2.7/Crypto/Random/Fortuna

copying lib/Crypto/Random/Fortuna/__init__.py -> build/lib.linux-x86_64-2.7/Crypto/Random/Fortuna

copying lib/Crypto/Random/Fortuna/FortunaGenerator.py -> build/lib.linux-x86_64-2.7/Crypto/Random/Fortuna

creating build/lib.linux-x86_64-2.7/Crypto/Random/OSRNG

copying lib/Crypto/Random/OSRNG/rng_base.py -> build/lib.linux-x86_64-2.7/Crypto/Random/OSRNG

copying lib/Crypto/Random/OSRNG/posix.py -> build/lib.linux-x86_64-2.7/Crypto/Random/OSRNG

copying lib/Crypto/Random/OSRNG/__init__.py -> build/lib.linux-x86_64-2.7/Crypto/Random/OSRNG

copying lib/Crypto/Random/OSRNG/fallback.py -> build/lib.linux-x86_64-2.7/Crypto/Random/OSRNG

copying lib/Crypto/Random/OSRNG/nt.py -> build/lib.linux-x86_64-2.7/Crypto/Random/OSRNG

creating build/lib.linux-x86_64-2.7/Crypto/SelfTest

copying lib/Crypto/SelfTest/__init__.py -> build/lib.linux-x86_64-2.7/Crypto/SelfTest

copying lib/Crypto/SelfTest/st_common.py -> build/lib.linux-x86_64-2.7/Crypto/SelfTest

creating build/lib.linux-x86_64-2.7/Crypto/SelfTest/Cipher

copying lib/Crypto/SelfTest/Cipher/test_ARC2.py -> build/lib.linux-x86_64-2.7/Crypto/SelfTest/Cipher

copying lib/Crypto/SelfTest/Cipher/test_DES3.py -> build/lib.linux-x86_64-2.7/Crypto/SelfTest/Cipher

copying lib/Crypto/SelfTest/Cipher/test_AES.py -> build/lib.linux-x86_64-2.7/Crypto/SelfTest/Cipher

copying lib/Crypto/SelfTest/Cipher/test_XOR.py -> build/lib.linux-x86_64-2.7/Crypto/SelfTest/Cipher

copying lib/Crypto/SelfTest/Cipher/test_CAST.py -> build/lib.linux-x86_64-2.7/Crypto/SelfTest/Cipher

copying lib/Crypto/SelfTest/Cipher/test_DES.py -> build/lib.linux-x86_64-2.7/Crypto/SelfTest/Cipher

copying lib/Crypto/SelfTest/Cipher/__init__.py -> build/lib.linux-x86_64-2.7/Crypto/SelfTest/Cipher

copying lib/Crypto/SelfTest/Cipher/common.py -> build/lib.linux-x86_64-2.7/Crypto/SelfTest/Cipher

copying lib/Crypto/SelfTest/Cipher/test_Blowfish.py -> build/lib.linux-x86_64-2.7/Crypto/SelfTest/Cipher

copying lib/Crypto/SelfTest/Cipher/test_pkcs1_oaep.py -> build/lib.linux-x86_64-2.7/Crypto/SelfTest/Cipher

copying lib/Crypto/SelfTest/Cipher/test_ARC4.py -> build/lib.linux-x86_64-2.7/Crypto/SelfTest/Cipher

copying lib/Crypto/SelfTest/Cipher/test_pkcs1_15.py -> build/lib.linux-x86_64-2.7/Crypto/SelfTest/Cipher

creating build/lib.linux-x86_64-2.7/Crypto/SelfTest/Hash

copying lib/Crypto/SelfTest/Hash/test_MD4.py -> build/lib.linux-x86_64-2.7/Crypto/SelfTest/Hash

copying lib/Crypto/SelfTest/Hash/test_SHA512.py -> build/lib.linux-x86_64-2.7/Crypto/SelfTest/Hash

copying lib/Crypto/SelfTest/Hash/test_SHA384.py -> build/lib.linux-x86_64-2.7/Crypto/SelfTest/Hash

copying lib/Crypto/SelfTest/Hash/test_HMAC.py -> build/lib.linux-x86_64-2.7/Crypto/SelfTest/Hash

copying lib/Crypto/SelfTest/Hash/test_MD2.py -> build/lib.linux-x86_64-2.7/Crypto/SelfTest/Hash

copying lib/Crypto/SelfTest/Hash/test_SHA224.py -> build/lib.linux-x86_64-2.7/Crypto/SelfTest/Hash

copying lib/Crypto/SelfTest/Hash/__init__.py -> build/lib.linux-x86_64-2.7/Crypto/SelfTest/Hash

copying lib/Crypto/SelfTest/Hash/test_RIPEMD.py -> build/lib.linux-x86_64-2.7/Crypto/SelfTest/Hash

copying lib/Crypto/SelfTest/Hash/test_MD5.py -> build/lib.linux-x86_64-2.7/Crypto/SelfTest/Hash

copying lib/Crypto/SelfTest/Hash/test_SHA256.py -> build/lib.linux-x86_64-2.7/Crypto/SelfTest/Hash

copying lib/Crypto/SelfTest/Hash/common.py -> build/lib.linux-x86_64-2.7/Crypto/SelfTest/Hash

copying lib/Crypto/SelfTest/Hash/test_SHA.py -> build/lib.linux-x86_64-2.7/Crypto/SelfTest/Hash

creating build/lib.linux-x86_64-2.7/Crypto/SelfTest/Protocol

copying lib/Crypto/SelfTest/Protocol/test_chaffing.py -> build/lib.linux-x86_64-2.7/Crypto/SelfTest/Protocol

copying lib/Crypto/SelfTest/Protocol/test_rfc1751.py -> build/lib.linux-x86_64-2.7/Crypto/SelfTest/Protocol

copying lib/Crypto/SelfTest/Protocol/__init__.py -> build/lib.linux-x86_64-2.7/Crypto/SelfTest/Protocol

copying lib/Crypto/SelfTest/Protocol/test_KDF.py -> build/lib.linux-x86_64-2.7/Crypto/SelfTest/Protocol

copying lib/Crypto/SelfTest/Protocol/test_AllOrNothing.py -> build/lib.linux-x86_64-2.7/Crypto/SelfTest/Protocol

creating build/lib.linux-x86_64-2.7/Crypto/SelfTest/PublicKey

copying lib/Crypto/SelfTest/PublicKey/test_ElGamal.py -> build/lib.linux-x86_64-2.7/Crypto/SelfTest/PublicKey

copying lib/Crypto/SelfTest/PublicKey/test_RSA.py -> build/lib.linux-x86_64-2.7/Crypto/SelfTest/PublicKey

copying lib/Crypto/SelfTest/PublicKey/test_importKey.py -> build/lib.linux-x86_64-2.7/Crypto/SelfTest/PublicKey

copying lib/Crypto/SelfTest/PublicKey/__init__.py -> build/lib.linux-x86_64-2.7/Crypto/SelfTest/PublicKey

copying lib/Crypto/SelfTest/PublicKey/test_DSA.py -> build/lib.linux-x86_64-2.7/Crypto/SelfTest/PublicKey

creating build/lib.linux-x86_64-2.7/Crypto/SelfTest/Random

copying lib/Crypto/SelfTest/Random/test_rpoolcompat.py -> build/lib.linux-x86_64-2.7/Crypto/SelfTest/Random

copying lib/Crypto/SelfTest/Random/__init__.py -> build/lib.linux-x86_64-2.7/Crypto/SelfTest/Random

copying lib/Crypto/SelfTest/Random/test_random.py -> build/lib.linux-x86_64-2.7/Crypto/SelfTest/Random

copying lib/Crypto/SelfTest/Random/test__UserFriendlyRNG.py -> build/lib.linux-x86_64-2.7/Crypto/SelfTest/Random

creating build/lib.linux-x86_64-2.7/Crypto/SelfTest/Random/Fortuna

copying lib/Crypto/SelfTest/Random/Fortuna/test_FortunaAccumulator.py -> build/lib.linux-x86_64-2.7/Crypto/SelfTest/Random/Fortuna

copying lib/Crypto/SelfTest/Random/Fortuna/test_FortunaGenerator.py -> build/lib.linux-x86_64-2.7/Crypto/SelfTest/Random/Fortuna

copying lib/Crypto/SelfTest/Random/Fortuna/test_SHAd256.py -> build/lib.linux-x86_64-2.7/Crypto/SelfTest/Random/Fortuna

copying lib/Crypto/SelfTest/Random/Fortuna/__init__.py -> build/lib.linux-x86_64-2.7/Crypto/SelfTest/Random/Fortuna

creating build/lib.linux-x86_64-2.7/Crypto/SelfTest/Random/OSRNG

copying lib/Crypto/SelfTest/Random/OSRNG/test_nt.py -> build/lib.linux-x86_64-2.7/Crypto/SelfTest/Random/OSRNG

copying lib/Crypto/SelfTest/Random/OSRNG/test_winrandom.py -> build/lib.linux-x86_64-2.7/Crypto/SelfTest/Random/OSRNG

copying lib/Crypto/SelfTest/Random/OSRNG/test_generic.py -> build/lib.linux-x86_64-2.7/Crypto/SelfTest/Random/OSRNG

copying lib/Crypto/SelfTest/Random/OSRNG/test_fallback.py -> build/lib.linux-x86_64-2.7/Crypto/SelfTest/Random/OSRNG

copying lib/Crypto/SelfTest/Random/OSRNG/__init__.py -> build/lib.linux-x86_64-2.7/Crypto/SelfTest/Random/OSRNG

copying lib/Crypto/SelfTest/Random/OSRNG/test_posix.py -> build/lib.linux-x86_64-2.7/Crypto/SelfTest/Random/OSRNG

creating build/lib.linux-x86_64-2.7/Crypto/SelfTest/Util

copying lib/Crypto/SelfTest/Util/test_asn1.py -> build/lib.linux-x86_64-2.7/Crypto/SelfTest/Util

copying lib/Crypto/SelfTest/Util/test_winrandom.py -> build/lib.linux-x86_64-2.7/Crypto/SelfTest/Util

copying lib/Crypto/SelfTest/Util/test_Counter.py -> build/lib.linux-x86_64-2.7/Crypto/SelfTest/Util

copying lib/Crypto/SelfTest/Util/__init__.py -> build/lib.linux-x86_64-2.7/Crypto/SelfTest/Util

copying lib/Crypto/SelfTest/Util/test_number.py -> build/lib.linux-x86_64-2.7/Crypto/SelfTest/Util

creating build/lib.linux-x86_64-2.7/Crypto/SelfTest/Signature

copying lib/Crypto/SelfTest/Signature/test_pkcs1_pss.py -> build/lib.linux-x86_64-2.7/Crypto/SelfTest/Signature

copying lib/Crypto/SelfTest/Signature/__init__.py -> build/lib.linux-x86_64-2.7/Crypto/SelfTest/Signature

copying lib/Crypto/SelfTest/Signature/test_pkcs1_15.py -> build/lib.linux-x86_64-2.7/Crypto/SelfTest/Signature

creating build/lib.linux-x86_64-2.7/Crypto/Protocol

copying lib/Crypto/Protocol/AllOrNothing.py -> build/lib.linux-x86_64-2.7/Crypto/Protocol

copying lib/Crypto/Protocol/__init__.py -> build/lib.linux-x86_64-2.7/Crypto/Protocol

copying lib/Crypto/Protocol/KDF.py -> build/lib.linux-x86_64-2.7/Crypto/Protocol

copying lib/Crypto/Protocol/Chaffing.py -> build/lib.linux-x86_64-2.7/Crypto/Protocol

creating build/lib.linux-x86_64-2.7/Crypto/PublicKey

copying lib/Crypto/PublicKey/ElGamal.py -> build/lib.linux-x86_64-2.7/Crypto/PublicKey

copying lib/Crypto/PublicKey/_slowmath.py -> build/lib.linux-x86_64-2.7/Crypto/PublicKey

copying lib/Crypto/PublicKey/RSA.py -> build/lib.linux-x86_64-2.7/Crypto/PublicKey

copying lib/Crypto/PublicKey/_RSA.py -> build/lib.linux-x86_64-2.7/Crypto/PublicKey

copying lib/Crypto/PublicKey/pubkey.py -> build/lib.linux-x86_64-2.7/Crypto/PublicKey

copying lib/Crypto/PublicKey/__init__.py -> build/lib.linux-x86_64-2.7/Crypto/PublicKey

copying lib/Crypto/PublicKey/DSA.py -> build/lib.linux-x86_64-2.7/Crypto/PublicKey

copying lib/Crypto/PublicKey/_DSA.py -> build/lib.linux-x86_64-2.7/Crypto/PublicKey

creating build/lib.linux-x86_64-2.7/Crypto/Signature

copying lib/Crypto/Signature/PKCS1_v1_5.py -> build/lib.linux-x86_64-2.7/Crypto/Signature

copying lib/Crypto/Signature/__init__.py -> build/lib.linux-x86_64-2.7/Crypto/Signature

copying lib/Crypto/Signature/PKCS1_PSS.py -> build/lib.linux-x86_64-2.7/Crypto/Signature

running build_ext

running build_configure

checking for gcc... gcc

checking whether the C compiler works... yes

checking for C compiler default output file name... a.out

checking for suffix of executables...

checking whether we are cross compiling... no

checking for suffix of object files... o

checking whether we are using the GNU C compiler... yes

checking whether gcc accepts -g... yes

checking for gcc option to accept ISO C89... none needed

checking for __gmpz_init in -lgmp... no

checking for __gmpz_init in -lmpir... no

checking whether mpz_powm is declared... no

checking whether mpz_powm_sec is declared... no

checking how to run the C preprocessor... gcc -E

checking for grep that handles long lines and -e... /bin/grep

checking for egrep... /bin/grep -E

checking for ANSI C header files... yes

checking for sys/types.h... yes

checking for sys/stat.h... yes

checking for stdlib.h... yes

checking for string.h... yes

checking for memory.h... yes

checking for strings.h... yes

checking for inttypes.h... yes

checking for stdint.h... yes

checking for unistd.h... yes

checking for inttypes.h... (cached) yes

checking limits.h usability... yes

checking limits.h presence... yes

checking for limits.h... yes

checking stddef.h usability... yes

checking stddef.h presence... yes

checking for stddef.h... yes

checking for stdint.h... (cached) yes

checking for stdlib.h... (cached) yes

checking for string.h... (cached) yes

checking wchar.h usability... yes

checking wchar.h presence... yes

checking for wchar.h... yes

checking for inline... inline

checking for int16_t... yes

checking for int32_t... yes

checking for int64_t... yes

checking for int8_t... yes

checking for size_t... yes

checking for uint16_t... yes

checking for uint32_t... yes

checking for uint64_t... yes

checking for uint8_t... yes

checking for stdlib.h... (cached) yes

checking for GNU libc compatible malloc... yes

checking for memmove... yes

checking for memset... yes

configure: creating ./config.status

config.status: creating src/config.h

warning: GMP or MPIR library not found; Not building Crypto.PublicKey._fastmath.

building 'Crypto.Hash._MD2' extension

creating build/temp.linux-x86_64-2.7

creating build/temp.linux-x86_64-2.7/src

x86_64-linux-gnu-gcc -pthread -fno-strict-aliasing -fwrapv -Wall -Wstrict-prototypes -fPIC -std=c99 -O3 -fomit-frame-pointer -Isrc/ -I/usr/include/python2.7 -c src/MD2.c -o build/temp.linux-x86_64-2.7/src/MD2.o

src/MD2.c:31:20: fatal error: Python.h: No such file or directory

 #include "Python.h"

                    ^

compilation terminated.

error: command 'x86_64-linux-gnu-gcc' failed with exit status 1

----------------------------------------
Cleaning up...
  Removing temporary dir /tmp/pip_build_root...
Command /usr/bin/python -c "import setuptools, tokenize;__file__='/tmp/pip_build_root/pycrypto/setup.py';exec(compile(getattr(tokenize, 'open', open)(__file__).read().replace('\r\n', '\n'), __file__, 'exec'))" install --record /tmp/pip-znP3Hu-record/install-record.txt --single-version-externally-managed --compile failed with error code 1 in /tmp/pip_build_root/pycrypto
Exception information:
Traceback (most recent call last):
  File "/usr/lib/python2.7/dist-packages/pip/basecommand.py", line 122, in main
    status = self.run(options, args)
  File "/usr/lib/python2.7/dist-packages/pip/commands/install.py", line 283, in run
    requirement_set.install(install_options, global_options, root=options.root_path)
  File "/usr/lib/python2.7/dist-packages/pip/req.py", line 1436, in install
    requirement.install(install_options, global_options, *args, **kwargs)
  File "/usr/lib/python2.7/dist-packages/pip/req.py", line 707, in install
    cwd=self.source_dir, filter_stdout=self._filter_install, show_stdout=False)
  File "/usr/lib/python2.7/dist-packages/pip/util.py", line 715, in call_subprocess
    % (command_desc, proc.returncode, cwd))
InstallationError: Command /usr/bin/python -c "import setuptools, tokenize;__file__='/tmp/pip_build_root/pycrypto/setup.py';exec(compile(getattr(tokenize, 'open', open)(__file__).read().replace('\r\n', '\n'), __file__, 'exec'))" install --record /tmp/pip-znP3Hu-record/install-record.txt --single-version-externally-managed --compile failed with error code 1 in /tmp/pip_build_root/pycrypto
